This is pdfTeX, Version 3.14159265-2.6-1.40.18 (TeX Live 2017/Debian) (preloaded format=latex 2018.10.12)  25 NOV 2019 16:36
entering extended mode
 restricted \write18 enabled.
 %&-line parsing enabled.
**./images.tex
(./images.tex
LaTeX2e <2017-04-15>
Babel <3.18> and hyphenation patterns for 84 language(s) loaded.

(/usr/share/texlive/texmf-dist/tex/latex/base/book.cls
Document Class: book 2014/09/29 v1.4h Standard LaTeX document class
(/usr/share/texlive/texmf-dist/tex/latex/base/bk10.clo
File: bk10.clo 2014/09/29 v1.4h Standard LaTeX file (size option)
)
\c@part=\count79
\c@chapter=\count80
\c@section=\count81
\c@subsection=\count82
\c@subsubsection=\count83
\c@paragraph=\count84
\c@subparagraph=\count85
\c@figure=\count86
\c@table=\count87
\abovecaptionskip=\skip41
\belowcaptionskip=\skip42
\bibindent=\dimen102
) (/usr/share/texlive/texmf-dist/tex/latex/base/ifthen.sty
Package: ifthen 2014/09/29 v1.1c Standard LaTeX ifthen package (DPC)
)
(/home/eadam/Dropbox/eadam/Desktop/escritorio/proyecto_sergio/ltitoolEnDesarrol
lo/version1.0.0/help/ltitool_manual/tesis_estilo.sty (/usr/share/texlive/texmf-
dist/tex/latex/base/inputenc.sty
Package: inputenc 2015/03/17 v1.2c Input encoding file
\inpenc@prehook=\toks14
\inpenc@posthook=\toks15
(/usr/share/texlive/texmf-dist/tex/latex/base/utf8.def
File: utf8.def 2017/01/28 v1.1t UTF-8 support for inputenc
Now handling font encoding OML ...
... no UTF-8 mapping file for font encoding OML
Now handling font encoding T1 ...
... processing UTF-8 mapping file for font encoding T1
(/usr/share/texlive/texmf-dist/tex/latex/base/t1enc.dfu
File: t1enc.dfu 2017/01/28 v1.1t UTF-8 support for inputenc
   defining Unicode char U+00A0 (decimal 160)
   defining Unicode char U+00A1 (decimal 161)
   defining Unicode char U+00A3 (decimal 163)
   defining Unicode char U+00AB (decimal 171)
   defining Unicode char U+00AD (decimal 173)
   defining Unicode char U+00BB (decimal 187)
   defining Unicode char U+00BF (decimal 191)
   defining Unicode char U+00C0 (decimal 192)
   defining Unicode char U+00C1 (decimal 193)
   defining Unicode char U+00C2 (decimal 194)
   defining Unicode char U+00C3 (decimal 195)
   defining Unicode char U+00C4 (decimal 196)
   defining Unicode char U+00C5 (decimal 197)
   defining Unicode char U+00C6 (decimal 198)
   defining Unicode char U+00C7 (decimal 199)
   defining Unicode char U+00C8 (decimal 200)
   defining Unicode char U+00C9 (decimal 201)
   defining Unicode char U+00CA (decimal 202)
   defining Unicode char U+00CB (decimal 203)
   defining Unicode char U+00CC (decimal 204)
   defining Unicode char U+00CD (decimal 205)
   defining Unicode char U+00CE (decimal 206)
   defining Unicode char U+00CF (decimal 207)
   defining Unicode char U+00D0 (decimal 208)
   defining Unicode char U+00D1 (decimal 209)
   defining Unicode char U+00D2 (decimal 210)
   defining Unicode char U+00D3 (decimal 211)
   defining Unicode char U+00D4 (decimal 212)
   defining Unicode char U+00D5 (decimal 213)
   defining Unicode char U+00D6 (decimal 214)
   defining Unicode char U+00D8 (decimal 216)
   defining Unicode char U+00D9 (decimal 217)
   defining Unicode char U+00DA (decimal 218)
   defining Unicode char U+00DB (decimal 219)
   defining Unicode char U+00DC (decimal 220)
   defining Unicode char U+00DD (decimal 221)
   defining Unicode char U+00DE (decimal 222)
   defining Unicode char U+00DF (decimal 223)
   defining Unicode char U+00E0 (decimal 224)
   defining Unicode char U+00E1 (decimal 225)
   defining Unicode char U+00E2 (decimal 226)
   defining Unicode char U+00E3 (decimal 227)
   defining Unicode char U+00E4 (decimal 228)
   defining Unicode char U+00E5 (decimal 229)
   defining Unicode char U+00E6 (decimal 230)
   defining Unicode char U+00E7 (decimal 231)
   defining Unicode char U+00E8 (decimal 232)
   defining Unicode char U+00E9 (decimal 233)
   defining Unicode char U+00EA (decimal 234)
   defining Unicode char U+00EB (decimal 235)
   defining Unicode char U+00EC (decimal 236)
   defining Unicode char U+00ED (decimal 237)
   defining Unicode char U+00EE (decimal 238)
   defining Unicode char U+00EF (decimal 239)
   defining Unicode char U+00F0 (decimal 240)
   defining Unicode char U+00F1 (decimal 241)
   defining Unicode char U+00F2 (decimal 242)
   defining Unicode char U+00F3 (decimal 243)
   defining Unicode char U+00F4 (decimal 244)
   defining Unicode char U+00F5 (decimal 245)
   defining Unicode char U+00F6 (decimal 246)
   defining Unicode char U+00F8 (decimal 248)
   defining Unicode char U+00F9 (decimal 249)
   defining Unicode char U+00FA (decimal 250)
   defining Unicode char U+00FB (decimal 251)
   defining Unicode char U+00FC (decimal 252)
   defining Unicode char U+00FD (decimal 253)
   defining Unicode char U+00FE (decimal 254)
   defining Unicode char U+00FF (decimal 255)
   defining Unicode char U+0100 (decimal 256)
   defining Unicode char U+0101 (decimal 257)
   defining Unicode char U+0102 (decimal 258)
   defining Unicode char U+0103 (decimal 259)
   defining Unicode char U+0104 (decimal 260)
   defining Unicode char U+0105 (decimal 261)
   defining Unicode char U+0106 (decimal 262)
   defining Unicode char U+0107 (decimal 263)
   defining Unicode char U+0108 (decimal 264)
   defining Unicode char U+0109 (decimal 265)
   defining Unicode char U+010A (decimal 266)
   defining Unicode char U+010B (decimal 267)
   defining Unicode char U+010C (decimal 268)
   defining Unicode char U+010D (decimal 269)
   defining Unicode char U+010E (decimal 270)
   defining Unicode char U+010F (decimal 271)
   defining Unicode char U+0110 (decimal 272)
   defining Unicode char U+0111 (decimal 273)
   defining Unicode char U+0112 (decimal 274)
   defining Unicode char U+0113 (decimal 275)
   defining Unicode char U+0114 (decimal 276)
   defining Unicode char U+0115 (decimal 277)
   defining Unicode char U+0116 (decimal 278)
   defining Unicode char U+0117 (decimal 279)
   defining Unicode char U+0118 (decimal 280)
   defining Unicode char U+0119 (decimal 281)
   defining Unicode char U+011A (decimal 282)
   defining Unicode char U+011B (decimal 283)
   defining Unicode char U+011C (decimal 284)
   defining Unicode char U+011D (decimal 285)
   defining Unicode char U+011E (decimal 286)
   defining Unicode char U+011F (decimal 287)
   defining Unicode char U+0120 (decimal 288)
   defining Unicode char U+0121 (decimal 289)
   defining Unicode char U+0122 (decimal 290)
   defining Unicode char U+0123 (decimal 291)
   defining Unicode char U+0124 (decimal 292)
   defining Unicode char U+0125 (decimal 293)
   defining Unicode char U+0128 (decimal 296)
   defining Unicode char U+0129 (decimal 297)
   defining Unicode char U+012A (decimal 298)
   defining Unicode char U+012B (decimal 299)
   defining Unicode char U+012C (decimal 300)
   defining Unicode char U+012D (decimal 301)
   defining Unicode char U+012E (decimal 302)
   defining Unicode char U+012F (decimal 303)
   defining Unicode char U+0130 (decimal 304)
   defining Unicode char U+0131 (decimal 305)
   defining Unicode char U+0132 (decimal 306)
   defining Unicode char U+0133 (decimal 307)
   defining Unicode char U+0134 (decimal 308)
   defining Unicode char U+0135 (decimal 309)
   defining Unicode char U+0136 (decimal 310)
   defining Unicode char U+0137 (decimal 311)
   defining Unicode char U+0139 (decimal 313)
   defining Unicode char U+013A (decimal 314)
   defining Unicode char U+013B (decimal 315)
   defining Unicode char U+013C (decimal 316)
   defining Unicode char U+013D (decimal 317)
   defining Unicode char U+013E (decimal 318)
   defining Unicode char U+0141 (decimal 321)
   defining Unicode char U+0142 (decimal 322)
   defining Unicode char U+0143 (decimal 323)
   defining Unicode char U+0144 (decimal 324)
   defining Unicode char U+0145 (decimal 325)
   defining Unicode char U+0146 (decimal 326)
   defining Unicode char U+0147 (decimal 327)
   defining Unicode char U+0148 (decimal 328)
   defining Unicode char U+014A (decimal 330)
   defining Unicode char U+014B (decimal 331)
   defining Unicode char U+014C (decimal 332)
   defining Unicode char U+014D (decimal 333)
   defining Unicode char U+014E (decimal 334)
   defining Unicode char U+014F (decimal 335)
   defining Unicode char U+0150 (decimal 336)
   defining Unicode char U+0151 (decimal 337)
   defining Unicode char U+0152 (decimal 338)
   defining Unicode char U+0153 (decimal 339)
   defining Unicode char U+0154 (decimal 340)
   defining Unicode char U+0155 (decimal 341)
   defining Unicode char U+0156 (decimal 342)
   defining Unicode char U+0157 (decimal 343)
   defining Unicode char U+0158 (decimal 344)
   defining Unicode char U+0159 (decimal 345)
   defining Unicode char U+015A (decimal 346)
   defining Unicode char U+015B (decimal 347)
   defining Unicode char U+015C (decimal 348)
   defining Unicode char U+015D (decimal 349)
   defining Unicode char U+015E (decimal 350)
   defining Unicode char U+015F (decimal 351)
   defining Unicode char U+0160 (decimal 352)
   defining Unicode char U+0161 (decimal 353)
   defining Unicode char U+0162 (decimal 354)
   defining Unicode char U+0163 (decimal 355)
   defining Unicode char U+0164 (decimal 356)
   defining Unicode char U+0165 (decimal 357)
   defining Unicode char U+0168 (decimal 360)
   defining Unicode char U+0169 (decimal 361)
   defining Unicode char U+016A (decimal 362)
   defining Unicode char U+016B (decimal 363)
   defining Unicode char U+016C (decimal 364)
   defining Unicode char U+016D (decimal 365)
   defining Unicode char U+016E (decimal 366)
   defining Unicode char U+016F (decimal 367)
   defining Unicode char U+0170 (decimal 368)
   defining Unicode char U+0171 (decimal 369)
   defining Unicode char U+0172 (decimal 370)
   defining Unicode char U+0173 (decimal 371)
   defining Unicode char U+0174 (decimal 372)
   defining Unicode char U+0175 (decimal 373)
   defining Unicode char U+0176 (decimal 374)
   defining Unicode char U+0177 (decimal 375)
   defining Unicode char U+0178 (decimal 376)
   defining Unicode char U+0179 (decimal 377)
   defining Unicode char U+017A (decimal 378)
   defining Unicode char U+017B (decimal 379)
   defining Unicode char U+017C (decimal 380)
   defining Unicode char U+017D (decimal 381)
   defining Unicode char U+017E (decimal 382)
   defining Unicode char U+01CD (decimal 461)
   defining Unicode char U+01CE (decimal 462)
   defining Unicode char U+01CF (decimal 463)
   defining Unicode char U+01D0 (decimal 464)
   defining Unicode char U+01D1 (decimal 465)
   defining Unicode char U+01D2 (decimal 466)
   defining Unicode char U+01D3 (decimal 467)
   defining Unicode char U+01D4 (decimal 468)
   defining Unicode char U+01E2 (decimal 482)
   defining Unicode char U+01E3 (decimal 483)
   defining Unicode char U+01E6 (decimal 486)
   defining Unicode char U+01E7 (decimal 487)
   defining Unicode char U+01E8 (decimal 488)
   defining Unicode char U+01E9 (decimal 489)
   defining Unicode char U+01EA (decimal 490)
   defining Unicode char U+01EB (decimal 491)
   defining Unicode char U+01F0 (decimal 496)
   defining Unicode char U+01F4 (decimal 500)
   defining Unicode char U+01F5 (decimal 501)
   defining Unicode char U+0218 (decimal 536)
   defining Unicode char U+0219 (decimal 537)
   defining Unicode char U+021A (decimal 538)
   defining Unicode char U+021B (decimal 539)
   defining Unicode char U+0232 (decimal 562)
   defining Unicode char U+0233 (decimal 563)
   defining Unicode char U+1E02 (decimal 7682)
   defining Unicode char U+1E03 (decimal 7683)
   defining Unicode char U+200C (decimal 8204)
   defining Unicode char U+2010 (decimal 8208)
   defining Unicode char U+2011 (decimal 8209)
   defining Unicode char U+2012 (decimal 8210)
   defining Unicode char U+2013 (decimal 8211)
   defining Unicode char U+2014 (decimal 8212)
   defining Unicode char U+2015 (decimal 8213)
   defining Unicode char U+2018 (decimal 8216)
   defining Unicode char U+2019 (decimal 8217)
   defining Unicode char U+201A (decimal 8218)
   defining Unicode char U+201C (decimal 8220)
   defining Unicode char U+201D (decimal 8221)
   defining Unicode char U+201E (decimal 8222)
   defining Unicode char U+2030 (decimal 8240)
   defining Unicode char U+2031 (decimal 8241)
   defining Unicode char U+2039 (decimal 8249)
   defining Unicode char U+203A (decimal 8250)
   defining Unicode char U+2423 (decimal 9251)
   defining Unicode char U+1E20 (decimal 7712)
   defining Unicode char U+1E21 (decimal 7713)
)
Now handling font encoding OT1 ...
... processing UTF-8 mapping file for font encoding OT1
(/usr/share/texlive/texmf-dist/tex/latex/base/ot1enc.dfu
File: ot1enc.dfu 2017/01/28 v1.1t UTF-8 support for inputenc
   defining Unicode char U+00A0 (decimal 160)
   defining Unicode char U+00A1 (decimal 161)
   defining Unicode char U+00A3 (decimal 163)
   defining Unicode char U+00AD (decimal 173)
   defining Unicode char U+00B8 (decimal 184)
   defining Unicode char U+00BF (decimal 191)
   defining Unicode char U+00C5 (decimal 197)
   defining Unicode char U+00C6 (decimal 198)
   defining Unicode char U+00D8 (decimal 216)
   defining Unicode char U+00DF (decimal 223)
   defining Unicode char U+00E6 (decimal 230)
   defining Unicode char U+00EC (decimal 236)
   defining Unicode char U+00ED (decimal 237)
   defining Unicode char U+00EE (decimal 238)
   defining Unicode char U+00EF (decimal 239)
   defining Unicode char U+00F8 (decimal 248)
   defining Unicode char U+0131 (decimal 305)
   defining Unicode char U+0141 (decimal 321)
   defining Unicode char U+0142 (decimal 322)
   defining Unicode char U+0152 (decimal 338)
   defining Unicode char U+0153 (decimal 339)
   defining Unicode char U+0174 (decimal 372)
   defining Unicode char U+0175 (decimal 373)
   defining Unicode char U+0176 (decimal 374)
   defining Unicode char U+0177 (decimal 375)
   defining Unicode char U+0218 (decimal 536)
   defining Unicode char U+0219 (decimal 537)
   defining Unicode char U+021A (decimal 538)
   defining Unicode char U+021B (decimal 539)
   defining Unicode char U+2013 (decimal 8211)
   defining Unicode char U+2014 (decimal 8212)
   defining Unicode char U+2018 (decimal 8216)
   defining Unicode char U+2019 (decimal 8217)
   defining Unicode char U+201C (decimal 8220)
   defining Unicode char U+201D (decimal 8221)
)
Now handling font encoding OMS ...
... processing UTF-8 mapping file for font encoding OMS
(/usr/share/texlive/texmf-dist/tex/latex/base/omsenc.dfu
File: omsenc.dfu 2017/01/28 v1.1t UTF-8 support for inputenc
   defining Unicode char U+00A7 (decimal 167)
   defining Unicode char U+00B6 (decimal 182)
   defining Unicode char U+00B7 (decimal 183)
   defining Unicode char U+2020 (decimal 8224)
   defining Unicode char U+2021 (decimal 8225)
   defining Unicode char U+2022 (decimal 8226)
)
Now handling font encoding OMX ...
... no UTF-8 mapping file for font encoding OMX
Now handling font encoding U ...
... no UTF-8 mapping file for font encoding U
   defining Unicode char U+00A9 (decimal 169)
   defining Unicode char U+00AA (decimal 170)
   defining Unicode char U+00AE (decimal 174)
   defining Unicode char U+00BA (decimal 186)
   defining Unicode char U+02C6 (decimal 710)
   defining Unicode char U+02DC (decimal 732)
   defining Unicode char U+200C (decimal 8204)
   defining Unicode char U+2026 (decimal 8230)
   defining Unicode char U+2122 (decimal 8482)
   defining Unicode char U+2423 (decimal 9251)
)) (/usr/share/texlive/texmf-dist/tex/latex/ucs/ucs.sty
Package: ucs 2013/05/11 v2.2 UCS: Unicode input support
(/usr/share/texlive/texmf-dist/tex/latex/ucs/data/uni-global.def
File: uni-global.def 2013/05/13 UCS: Unicode global data
)
\uc@secondtry=\count88
\uc@combtoks=\toks16
\uc@combtoksb=\toks17
\uc@temptokena=\toks18
) (/usr/share/texlive/texmf-dist/tex/generic/babel/babel.sty
Package: babel 2018/02/14 3.18 The Babel package
(/usr/share/texlive/texmf-dist/tex/generic/babel/switch.def
File: switch.def 2018/02/14 3.18 Babel switching mechanism
) (/usr/share/texlive/texmf-dist/tex/generic/babel-english/english.ldf
Language: english 2017/06/06 v3.3r English support from the babel system
(/usr/share/texlive/texmf-dist/tex/generic/babel/babel.def
File: babel.def 2018/02/14 3.18 Babel common definitions
\babel@savecnt=\count89
\U@D=\dimen103
(/usr/share/texlive/texmf-dist/tex/generic/babel/txtbabel.def)
\bbl@dirlevel=\count90
)
\l@canadian = a dialect from \language\l@american 
\l@australian = a dialect from \language\l@british 
\l@newzealand = a dialect from \language\l@british 
)) (/usr/share/texlive/texmf-dist/tex/latex/psnfss/times.sty
Package: times 2005/04/12 PSNFSS-v9.2a (SPQR) 
) (/usr/share/texlive/texmf-dist/tex/latex/base/latexsym.sty
Package: latexsym 1998/08/17 v2.2e Standard LaTeX package (lasy symbols)
\symlasy=\mathgroup4
LaTeX Font Info:    Overwriting symbol font `lasy' in version `bold'
(Font)                  U/lasy/m/n --> U/lasy/b/n on input line 52.
) (/usr/share/texlive/texmf-dist/tex/latex/amsfonts/amsfonts.sty
Package: amsfonts 2013/01/14 v3.01 Basic AMSFonts support
\@emptytoks=\toks19
\symAMSa=\mathgroup5
\symAMSb=\mathgroup6
LaTeX Font Info:    Overwriting math alphabet `\mathfrak' in version `bold'
(Font)                  U/euf/m/n --> U/euf/b/n on input line 106.
) (/usr/share/texlive/texmf-dist/tex/latex/amsfonts/amssymb.sty
Package: amssymb 2013/01/14 v3.01 AMS font symbols
) (/usr/share/texlive/texmf-dist/tex/latex/amscls/amsthm.sty
Package: amsthm 2017/10/31 v2.20.4
\thm@style=\toks20
\thm@bodyfont=\toks21
\thm@headfont=\toks22
\thm@notefont=\toks23
\thm@headpunct=\toks24
\thm@preskip=\skip43
\thm@postskip=\skip44
\thm@headsep=\skip45
\dth@everypar=\toks25
) (/usr/share/texlive/texmf-dist/tex/latex/amsmath/amsmath.sty
Package: amsmath 2017/09/02 v2.17a AMS math features
\@mathmargin=\skip46
For additional information on amsmath, use the `?' option.
(/usr/share/texlive/texmf-dist/tex/latex/amsmath/amstext.sty
Package: amstext 2000/06/29 v2.01 AMS text
(/usr/share/texlive/texmf-dist/tex/latex/amsmath/amsgen.sty
File: amsgen.sty 1999/11/30 v2.0 generic functions
\@emptytoks=\toks26
\ex@=\dimen104
)) (/usr/share/texlive/texmf-dist/tex/latex/amsmath/amsbsy.sty
Package: amsbsy 1999/11/29 v1.2d Bold Symbols
\pmbraise@=\dimen105
) (/usr/share/texlive/texmf-dist/tex/latex/amsmath/amsopn.sty
Package: amsopn 2016/03/08 v2.02 operator names
)
\inf@bad=\count91
LaTeX Info: Redefining \frac on input line 213.
\uproot@=\count92
\leftroot@=\count93
LaTeX Info: Redefining \overline on input line 375.
\classnum@=\count94
\DOTSCASE@=\count95
LaTeX Info: Redefining \ldots on input line 472.
LaTeX Info: Redefining \dots on input line 475.
LaTeX Info: Redefining \cdots on input line 596.
\Mathstrutbox@=\box26
\strutbox@=\box27
\big@size=\dimen106
LaTeX Font Info:    Redeclaring font encoding OML on input line 712.
LaTeX Font Info:    Redeclaring font encoding OMS on input line 713.
\macc@depth=\count96
\c@MaxMatrixCols=\count97
\dotsspace@=\muskip10
\c@parentequation=\count98
\dspbrk@lvl=\count99
\tag@help=\toks27
\row@=\count100
\column@=\count101
\maxfields@=\count102
\andhelp@=\toks28
\eqnshift@=\dimen107
\alignsep@=\dimen108
\tagshift@=\dimen109
\tagwidth@=\dimen110
\totwidth@=\dimen111
\lineht@=\dimen112
\@envbody=\toks29
\multlinegap=\skip47
\multlinetaggap=\skip48
\mathdisplay@stack=\toks30
LaTeX Info: Redefining \[ on input line 2817.
LaTeX Info: Redefining \] on input line 2818.
) (/usr/share/texlive/texmf-dist/tex/latex/amsmath/amscd.sty
Package: amscd 2017/04/14 v2.1 AMS Commutative Diagrams
\athelp@=\toks31
\minaw@=\dimen113
\bigaw@=\dimen114
\minCDarrowwidth=\dimen115
) (/usr/share/texlive/texmf-dist/tex/latex/base/makeidx.sty
Package: makeidx 2014/09/29 v1.0m Standard LaTeX package
) (/usr/share/texlive/texmf-dist/tex/latex/jknapltx/mathrsfs.sty
Package: mathrsfs 1996/01/01 Math RSFS package v1.0 (jk)
\symrsfs=\mathgroup7
) (/usr/share/texlive/texmf-dist/tex/latex/booktabs/booktabs.sty
Package: booktabs 2016/04/27 v1.618033 publication quality tables
\heavyrulewidth=\dimen116
\lightrulewidth=\dimen117
\cmidrulewidth=\dimen118
\belowrulesep=\dimen119
\belowbottomsep=\dimen120
\aboverulesep=\dimen121
\abovetopsep=\dimen122
\cmidrulesep=\dimen123
\cmidrulekern=\dimen124
\defaultaddspace=\dimen125
\@cmidla=\count103
\@cmidlb=\count104
\@aboverulesep=\dimen126
\@belowrulesep=\dimen127
\@thisruleclass=\count105
\@lastruleclass=\count106
\@thisrulewidth=\dimen128
) (/usr/share/texlive/texmf-dist/tex/latex/cancel/cancel.sty
Package: cancel 2013/04/12 v2.2 Cancel math terms
) (/usr/share/texlive/texmf-dist/tex/latex/graphics/rotating.sty
Package: rotating 2016/08/11 v2.16d rotated objects in LaTeX
(/usr/share/texlive/texmf-dist/tex/latex/graphics/graphicx.sty
Package: graphicx 2017/06/01 v1.1a Enhanced LaTeX Graphics (DPC,SPQR)
(/usr/share/texlive/texmf-dist/tex/latex/graphics/keyval.sty
Package: keyval 2014/10/28 v1.15 key=value parser (DPC)
\KV@toks@=\toks32
) (/usr/share/texlive/texmf-dist/tex/latex/graphics/graphics.sty
Package: graphics 2017/06/25 v1.2c Standard LaTeX Graphics (DPC,SPQR)
(/usr/share/texlive/texmf-dist/tex/latex/graphics/trig.sty
Package: trig 2016/01/03 v1.10 sin cos tan (DPC)
) (/usr/share/texlive/texmf-dist/tex/latex/graphics-cfg/graphics.cfg
File: graphics.cfg 2016/06/04 v1.11 sample graphics configuration
)
Package graphics Info: Driver file: dvips.def on input line 99.
(/usr/share/texlive/texmf-dist/tex/latex/graphics-def/dvips.def
File: dvips.def 2017/06/20 v3.1d Graphics/color driver for dvips
))
\Gin@req@height=\dimen129
\Gin@req@width=\dimen130
)
\c@r@tfl@t=\count107
\rotFPtop=\skip49
\rotFPbot=\skip50
\rot@float@box=\box28
\rot@mess@toks=\toks33
) (/usr/share/texlive/texmf-dist/tex/latex/pstricks/pst-all.sty
Package: pst-all 2008/01/01 the main pstricks tools
(/usr/share/texlive/texmf-dist/tex/latex/pstricks/pstricks.sty
Package: pstricks 2018/01/06 v0.67 LaTeX wrapper for `PSTricks' (RN,HV)
(/usr/share/texlive/texmf-dist/tex/generic/iftex/iftex.sty
Package: iftex 2013/04/04 v0.2 Provides if(tex) conditional for PDFTeX, XeTeX, 
and LuaTeX
) (/usr/share/texlive/texmf-dist/tex/latex/tools/shellesc.sty
Package: shellesc 2016/06/07 v0.02a unified shell escape interface for LaTeX
Package shellesc Info: Restricted shell escape enabled on input line 69.
) (/usr/share/texlive/texmf-dist/tex/latex/xcolor/xcolor.sty
Package: xcolor 2016/05/11 v2.12 LaTeX color extensions (UK)
(/usr/share/texlive/texmf-dist/tex/latex/graphics-cfg/color.cfg
File: color.cfg 2016/01/02 v1.6 sample color configuration
)
Package xcolor Info: Driver file: dvips.def on input line 225.
Package xcolor Info: Model `cmy' substituted by `cmy0' on input line 1348.
Package xcolor Info: Model `RGB' extended on input line 1364.
Package xcolor Info: Model `HTML' substituted by `rgb' on input line 1366.
Package xcolor Info: Model `Hsb' substituted by `hsb' on input line 1367.
Package xcolor Info: Model `tHsb' substituted by `hsb' on input line 1368.
Package xcolor Info: Model `HSB' substituted by `hsb' on input line 1369.
Package xcolor Info: Model `Gray' substituted by `gray' on input line 1370.
Package xcolor Info: Model `wave' substituted by `hsb' on input line 1371.
) (/usr/share/texlive/texmf-dist/tex/generic/xkeyval/pst-xkey.tex
File: pst-xkey.tex 2005/11/25 v1.6 PSTricks specialization of xkeyval (HA)
(/usr/share/texlive/texmf-dist/tex/latex/xkeyval/xkeyval.sty
Package: xkeyval 2014/12/03 v2.7a package option processing (HA)
(/usr/share/texlive/texmf-dist/tex/generic/xkeyval/xkeyval.tex (/usr/share/texl
ive/texmf-dist/tex/generic/xkeyval/xkvutils.tex
\XKV@toks=\toks34
\XKV@tempa@toks=\toks35
)
\XKV@depth=\count108
File: xkeyval.tex 2014/12/03 v2.7a key=value parser (HA)
))) (/usr/share/texlive/texmf-dist/tex/generic/pstricks/pstricks.tex (/usr/shar
e/texlive/texmf-dist/tex/generic/pstricks/pst-fp.tex `pst-fp' v0.05, 2010/01/17
 (hv)
\pstFP@xs=\count109
\pstFP@xia=\count110
\pstFP@xib=\count111
\pstFP@xfa=\count112
\pstFP@xfb=\count113
\pstFP@rega=\count114
\pstFP@regb=\count115
\pstFP@regs=\count116
\pstFP@times=\count117
) (/usr/share/texlive/texmf-dist/tex/generic/pgf/utilities/pgfutil-common.tex
\pgfutil@everybye=\toks36
\pgfutil@tempdima=\dimen131
\pgfutil@tempdimb=\dimen132

(/usr/share/texlive/texmf-dist/tex/generic/pgf/utilities/pgfutil-common-lists.t
ex)) (/usr/share/texlive/texmf-dist/tex/generic/pgf/utilities/pgfkeys.code.tex
\pgfkeys@pathtoks=\toks37
\pgfkeys@temptoks=\toks38

(/usr/share/texlive/texmf-dist/tex/generic/pgf/utilities/pgfkeysfiltered.code.t
ex
\pgfkeys@tmptoks=\toks39
)) (/usr/share/texlive/texmf-dist/tex/generic/pgf/utilities/pgffor.code.tex (/u
sr/share/texlive/texmf-dist/tex/generic/pgf/math/pgfmath.code.tex (/usr/share/t
exlive/texmf-dist/tex/generic/pgf/math/pgfmathcalc.code.tex (/usr/share/texlive
/texmf-dist/tex/generic/pgf/math/pgfmathutil.code.tex
\pgf@x=\dimen133
\pgf@xa=\dimen134
\pgf@xb=\dimen135
\pgf@xc=\dimen136
\pgf@y=\dimen137
\pgf@ya=\dimen138
\pgf@yb=\dimen139
\pgf@yc=\dimen140
\c@pgf@counta=\count118
\c@pgf@countb=\count119
\c@pgf@countc=\count120
\c@pgf@countd=\count121
\pgfutil@tempcnta=\count122
\pgfutil@tempcntb=\count123
) (/usr/share/texlive/texmf-dist/tex/generic/pgf/math/pgfmathparser.code.tex
\pgfmath@dimen=\dimen141
\pgfmath@count=\count124
\pgfmath@box=\box29
\pgfmath@toks=\toks40
\pgfmath@stack@operand=\toks41
\pgfmath@stack@operation=\toks42
) (/usr/share/texlive/texmf-dist/tex/generic/pgf/math/pgfmathfunctions.code.tex

(/usr/share/texlive/texmf-dist/tex/generic/pgf/math/pgfmathfunctions.basic.code
.tex)
(/usr/share/texlive/texmf-dist/tex/generic/pgf/math/pgfmathfunctions.trigonomet
ric.code.tex)
(/usr/share/texlive/texmf-dist/tex/generic/pgf/math/pgfmathfunctions.random.cod
e.tex)
(/usr/share/texlive/texmf-dist/tex/generic/pgf/math/pgfmathfunctions.comparison
.code.tex)
(/usr/share/texlive/texmf-dist/tex/generic/pgf/math/pgfmathfunctions.base.code.
tex)
(/usr/share/texlive/texmf-dist/tex/generic/pgf/math/pgfmathfunctions.round.code
.tex)
(/usr/share/texlive/texmf-dist/tex/generic/pgf/math/pgfmathfunctions.misc.code.
tex)
(/usr/share/texlive/texmf-dist/tex/generic/pgf/math/pgfmathfunctions.integerari
thmetics.code.tex))) (/usr/share/texlive/texmf-dist/tex/generic/pgf/math/pgfmat
hfloat.code.tex
\c@pgfmathroundto@lastzeros=\count125
))
\pgffor@iter=\dimen142
\pgffor@skip=\dimen143
\pgffor@stack=\toks43
\pgffor@toks=\toks44
)
\psLoopIndex=\count126
`PSTricks' v2.82  <2018/01/06> (tvz,hv)
\pst@dima=\dimen144
\pst@dimb=\dimen145
\pst@dimc=\dimen146
\pst@dimd=\dimen147
\pst@dimg=\dimen148
\pst@dimh=\dimen149
\pst@dimm=\dimen150
\pst@dimn=\dimen151
\pst@dimo=\dimen152
\pst@dimp=\dimen153
\pst@hbox=\box30
\pst@ibox=\box31
\pst@boxg=\box32
\pst@cnta=\count127
\pst@cntb=\count128
\pst@cntc=\count129
\pst@cntd=\count130
\pst@cntg=\count131
\pst@cnth=\count132
\pst@cntm=\count133
\pst@cntn=\count134
\pst@cnto=\count135
\pst@cntp=\count136
\@zero=\count137
\pst@toks=\toks45
(/usr/share/texlive/texmf-dist/tex/generic/pstricks/pstricks.con)
\psunit=\dimen154
\psxunit=\dimen155
\psyunit=\dimen156
\pst@C@@rType=\count138
\pslinewidth=\dimen157
\psk@startLW=\dimen158
\psk@endLW=\dimen159
\pst@customdefs=\toks46
\pslinearc=\dimen160
\pst@symbolStep=\dimen161
\pst@symbolWidth=\dimen162
\pst@symbolLinewidth=\dimen163
\everypsbox=\toks47
\psframesep=\dimen164
\pslabelsep=\dimen165
\sh@wgridXunit=\dimen166
\sh@wgridYunit=\dimen167
\pst@shift=\dimen168
)
File: pstricks.tex 2018/01/06 v2.82 `PSTricks' (tvz,hv)
(/usr/share/texlive/texmf-dist/tex/generic/pstricks/pst-fp.tex)
File: pst-fp.tex 2018/01/06 v2.82 `PST-fp' (hv)
) (/usr/share/texlive/texmf-dist/tex/latex/pst-plot/pst-plot.sty
Package: pst-plot 2011/06/05 v1.00 LaTeX wrapper for `pst-plot' (HV)
(/usr/share/texlive/texmf-dist/tex/latex/xkeyval/pst-xkey.sty
Package: pst-xkey 2005/11/25 v1.6 package wrapper for pst-xkey.tex (HA)
) (/usr/share/texlive/texmf-dist/tex/latex/multido/multido.sty
Package: multido 2004/05/17 package wrapper for PSTricks `multido.tex', (HV/RN)

(/usr/share/texlive/texmf-dist/tex/generic/multido/multido.tex  v1.42, 2010/05/
14 <tvz>
\multido@count=\count139
\multidocount=\count140
\multido@stuff=\toks48
)
File: multido.tex 2010/05/14 v1.42 `multido' (tvz,hv)
)
Package: pst-plot 2011/04/13 package wrapper for pst-plot.tex (hv)
(/usr/share/texlive/texmf-dist/tex/generic/pst-plot/pst-plot.tex (/usr/share/te
xlive/texmf-dist/tex/generic/pst-tools/pst-tools.tex `PST-tools' v0.09b, 2017/1
2/03 (hv)) (/usr/share/texlive/texmf-dist/tex/generic/pstricks-add/pstricks-add
.tex (/usr/share/texlive/texmf-dist/tex/generic/pst-node/pst-node.tex  v1.41, 2
017/12/30
\psrow=\count141
\pscol=\count142
\psmatrixcnt=\count143
\psrowsep=\skip51
\pscolsep=\skip52
\pst@args=\count144
\num@pts=\count145
\pst@argcnt=\count146
) (/usr/share/texlive/texmf-dist/tex/generic/pst-arrow/pst-arrow.tex `pst-arrow
' v0.01, 2016/09/01 (dr,hv)
\pshooklength=\dimen169
\pshookwidth=\dimen170
) (/usr/share/texlive/texmf-dist/tex/generic/pst-3d/pst-3d.tex `PST-3d' v1.11, 
2010/02/14 (tvz)) (/usr/share/texlive/texmf-dist/tex/generic/pst-math/pst-math.
tex `pst-math' v0.63 , (CJ,hv)) `pstricks-add' v3.85a, 2018/02/03 (dr,hv)
\psparallelogramsep=\dimen171
\pst@cntC=\count147
\pst@stepcount=\count148
\chart@ColorIndex=\dimen172
\chart@ColorStep=\dimen173
\pst@chartHeight=\dimen174
\pst@chartStackDepth=\dimen175
\pst@chartStackWidth=\dimen176
\chart@Toggle=\count149
\psVectorCtr=\count150
)  v1.89, 2018/02/18 (tvz,hv)
\pstRadUnit=\dimen177
\pstRadUnitInv=\dimen178
\pst@linecnt=\count151
\RCD@file=\read1
\psxlabelsep=\dimen179
\psylabelsep=\dimen180
\psk@subticksize=\dimen181
\pst@xticksizeA=\dimen182
\pst@xticksizeB=\dimen183
\pst@xticksizeC=\dimen184
\pst@yticksizeA=\dimen185
\pst@yticksizeB=\dimen186
\pst@yticksizeC=\dimen187
\@digitcounter=\count152
\psk@llx=\dimen188
\psk@lly=\dimen189
\psk@urx=\dimen190
\psk@ury=\dimen191
\pst@xunit=\dimen192
\pst@yunit=\dimen193
)
File: pst-plot.tex 2018/02/18 1.89 `pst-plot' (tvz,hv)
) (/usr/share/texlive/texmf-dist/tex/latex/pst-node/pst-node.sty
Package: pst-node 2012/09/18 v1.01 LaTeX wrapper for `pst-node' (HV)
Package: pst-node 2010/04/22 package wrapper for pst-node.tex
(/usr/share/texlive/texmf-dist/tex/generic/pst-node/pst-node.tex)
File: pst-node.tex 2018/02/18 1.89 `pst-node' (tvz,hv)
) (/usr/share/texlive/texmf-dist/tex/latex/pst-tree/pst-tree.sty
Package: pst-tree 2009/01/25 package wrapper for pst-tree.tex
(/usr/share/texlive/texmf-dist/tex/generic/pst-tree/pst-tree.tex  v1.13, 2017/0
2/18(tvz,dg,hv)
\pstree@rootbox=\box33
\pstree@box=\box34
\psnodecnt=\count153
\pstreelevel=\count154
\pstreecnt=\count155
\pstree@cnt=\count156
\pstree@stop=\count157
)
File: pst-tree.tex 2017/02/18 1.13 `pst-tree' (tvz,hv)
) (/usr/share/texlive/texmf-dist/tex/latex/pst-grad/pst-grad.sty
Package: pst-grad 2004/07/15 package wrapper for pst-grad.tex (hv)
(/usr/share/texlive/texmf-dist/tex/generic/pst-grad/pst-grad.tex `pst-grad' v1.
06, 2006/11/27 (tvz,dg,hv))
File: pst-grad.tex 2006/11/27 1.06 `pst-grad' (tvz)
) (/usr/share/texlive/texmf-dist/tex/latex/pst-coil/pst-coil.sty
Package: pst-coil 2010/02/01 package wrapper for pst-coil.tex (hv)
(/usr/share/texlive/texmf-dist/tex/generic/pst-coil/pst-coil.tex  v1.06, 2006/1
1/27 (/usr/share/texlive/texmf-dist/tex/generic/pst-node/pst-node.tex))
File: pst-coil.tex 2015/05/13 v1.07 `PST-coil' (tvz,hv)
) (/usr/share/texlive/texmf-dist/tex/latex/pst-text/pst-text.sty
Package: pst-text 2006/01/01 package wrapper for pst-text.tex (hv)
(/usr/share/texlive/texmf-dist/tex/generic/pst-text/pst-text.tex  v1.00, 2006/1
1/05(tvz,hv))
File: pst-text.tex 2006/11/05 1.00 `pst-text' (tvz)
) (/usr/share/texlive/texmf-dist/tex/latex/pst-3d/pst-3d.sty
Package: pst-3d 2009/07/28 package wrapper for pst-3d.tex (hv)
(/usr/share/texlive/texmf-dist/tex/generic/pst-3d/pst-3d.tex)
File: pst-3d.tex 2006/11/05 v1.00 `PST-3d' (hv)
) (/usr/share/texlive/texmf-dist/tex/latex/pst-eps/pst-eps.sty
Package: pst-eps 2005/05/20 package wrapper for pst-eps.tex (hv)
(/usr/share/texlive/texmf-dist/tex/generic/pst-eps/pst-eps.tex  v1.00, 2006/11/
04
\pst@epsout=\write3
\pst@tempout=\write4
)
File: pst-eps.tex 2006/11/04 1.00 `pst-eps' (tvz)
) (/usr/share/texlive/texmf-dist/tex/latex/pst-fill/pst-fill.sty
Package: pst-fill 2005/09/13 package wrapper for pst-fill.tex (hv)
(/usr/share/texlive/texmf-dist/tex/generic/pst-fill/pst-fill.tex `PST-Fill' v1.
01, 2007/03/10 (tvz,dg,hv)
\pst@fillbox=\box35
)
File: pst-fill.tex 2007/03/10 v1.01 `PST-fill' (tvz,dg)
) (/usr/share/texlive/texmf-dist/tex/latex/pstricks-add/pstricks-add.sty (/usr/
share/texlive/texmf-dist/tex/latex/pst-math/pst-math.sty
Package: pst-math 2014/07/30 package wrapper for PSTricks pst-math.tex
(/usr/share/texlive/texmf-dist/tex/generic/pst-math/pst-math.tex)
File: pst-math.tex 2007/03/10 v1.01 `PST-math' (hv)
)
Package: pstricks-add 2018/02/03 v. 0.15 package wrapper for pstricks-add.tex (
hv)
(/usr/share/texlive/texmf-dist/tex/generic/pstricks-add/pstricks-add.tex)
File: pstricks-add.tex 2007/03/10 v1.01 `PSTricks-add' (hv)
(/usr/share/texlive/texmf-dist/tex/latex/l3packages/xparse/xparse.sty (/usr/sha
re/texlive/texmf-dist/tex/latex/l3kernel/expl3.sty
Package: expl3 2018/02/21 L3 programming layer (loader) 
(/usr/share/texlive/texmf-dist/tex/latex/l3kernel/expl3-code.tex
Package: expl3 2018/02/21 L3 programming layer (code)
\c_max_int=\count158
\l_tmpa_int=\count159
\l_tmpb_int=\count160
\g_tmpa_int=\count161
\g_tmpb_int=\count162
\g__intarray_font_int=\count163
\g__prg_map_int=\count164
\c_log_iow=\count165
\l_iow_line_count_int=\count166
\l__iow_line_target_int=\count167
\l__iow_one_indent_int=\count168
\l__iow_indent_int=\count169
\c_zero_dim=\dimen194
\c_max_dim=\dimen195
\l_tmpa_dim=\dimen196
\l_tmpb_dim=\dimen197
\g_tmpa_dim=\dimen198
\g_tmpb_dim=\dimen199
\c_zero_skip=\skip53
\c_max_skip=\skip54
\l_tmpa_skip=\skip55
\l_tmpb_skip=\skip56
\g_tmpa_skip=\skip57
\g_tmpb_skip=\skip58
\c_zero_muskip=\muskip11
\c_max_muskip=\muskip12
\l_tmpa_muskip=\muskip13
\l_tmpb_muskip=\muskip14
\g_tmpa_muskip=\muskip15
\g_tmpb_muskip=\muskip16
\l_keys_choice_int=\count170
\c__fp_leading_shift_int=\count171
\c__fp_middle_shift_int=\count172
\c__fp_trailing_shift_int=\count173
\c__fp_big_leading_shift_int=\count174
\c__fp_big_middle_shift_int=\count175
\c__fp_big_trailing_shift_int=\count176
\c__fp_Bigg_leading_shift_int=\count177
\c__fp_Bigg_middle_shift_int=\count178
\c__fp_Bigg_trailing_shift_int=\count179
\c__fp_rand_size_int=\count180
\c__fp_rand_four_int=\count181
\c__fp_rand_eight_int=\count182
\l__sort_length_int=\count183
\l__sort_min_int=\count184
\l__sort_top_int=\count185
\l__sort_max_int=\count186
\l__sort_true_max_int=\count187
\l__sort_block_int=\count188
\l__sort_begin_int=\count189
\l__sort_end_int=\count190
\l__sort_A_int=\count191
\l__sort_B_int=\count192
\l__sort_C_int=\count193
\l__tl_build_start_index_int=\count194
\l__tl_build_index_int=\count195
\l__tl_analysis_normal_int=\count196
\l__tl_analysis_index_int=\count197
\l__tl_analysis_nesting_int=\count198
\l__tl_analysis_type_int=\count199
\l__regex_internal_a_int=\count266
\l__regex_internal_b_int=\count267
\l__regex_internal_c_int=\count268
\l__regex_balance_int=\count269
\l__regex_group_level_int=\count270
\l__regex_mode_int=\count271
\c__regex_cs_in_class_mode_int=\count272
\c__regex_cs_mode_int=\count273
\l__regex_catcodes_int=\count274
\l__regex_default_catcodes_int=\count275
\c__regex_catcode_D_int=\count276
\c__regex_catcode_S_int=\count277
\c__regex_catcode_L_int=\count278
\c__regex_catcode_O_int=\count279
\c__regex_catcode_A_int=\count280
\c__regex_all_catcodes_int=\count281
\l__regex_show_lines_int=\count282
\l__regex_min_state_int=\count283
\l__regex_max_state_int=\count284
\l__regex_left_state_int=\count285
\l__regex_right_state_int=\count286
\l__regex_capturing_group_int=\count287
\l__regex_min_pos_int=\count288
\l__regex_max_pos_int=\count289
\l__regex_curr_pos_int=\count290
\l__regex_start_pos_int=\count291
\l__regex_success_pos_int=\count292
\l__regex_curr_char_int=\count293
\l__regex_curr_catcode_int=\count294
\l__regex_last_char_int=\count295
\l__regex_case_changed_char_int=\count296
\l__regex_curr_state_int=\count297
\l__regex_step_int=\count298
\l__regex_min_active_int=\count299
\l__regex_max_active_int=\count300
\l__regex_replacement_csnames_int=\count301
\l__regex_match_count_int=\count302
\l__regex_min_submatch_int=\count303
\l__regex_submatch_int=\count304
\l__regex_zeroth_submatch_int=\count305
\g__regex_trace_regex_int=\count306
\c_empty_box=\box36
\l_tmpa_box=\box37
\l_tmpb_box=\box38
\g_tmpa_box=\box39
\g_tmpb_box=\box40
\l__box_top_dim=\dimen256
\l__box_bottom_dim=\dimen257
\l__box_left_dim=\dimen258
\l__box_right_dim=\dimen259
\l__box_top_new_dim=\dimen260
\l__box_bottom_new_dim=\dimen261
\l__box_left_new_dim=\dimen262
\l__box_right_new_dim=\dimen263
\l__box_internal_box=\box41
\l__coffin_internal_box=\box42
\l__coffin_internal_dim=\dimen264
\l__coffin_offset_x_dim=\dimen265
\l__coffin_offset_y_dim=\dimen266
\l__coffin_x_dim=\dimen267
\l__coffin_y_dim=\dimen268
\l__coffin_x_prime_dim=\dimen269
\l__coffin_y_prime_dim=\dimen270
\c_empty_coffin=\box43
\l__coffin_aligned_coffin=\box44
\l__coffin_aligned_internal_coffin=\box45
\l_tmpa_coffin=\box46
\l_tmpb_coffin=\box47
\l__coffin_display_coffin=\box48
\l__coffin_display_coord_coffin=\box49
\l__coffin_display_pole_coffin=\box50
\l__coffin_display_offset_dim=\dimen271
\l__coffin_display_x_dim=\dimen272
\l__coffin_display_y_dim=\dimen273
\l__coffin_bounding_shift_dim=\dimen274
\l__coffin_left_corner_dim=\dimen275
\l__coffin_right_corner_dim=\dimen276
\l__coffin_bottom_corner_dim=\dimen277
\l__coffin_top_corner_dim=\dimen278
\l__coffin_scaled_total_height_dim=\dimen279
\l__coffin_scaled_width_dim=\dimen280
) (/usr/share/texlive/texmf-dist/tex/latex/l3kernel/l3dvips.def
File: l3dvips.def 2017/03/18 v L3 Experimental driver: dvips
))
Package: xparse 2018/02/21 L3 Experimental document command parser
\l__xparse_current_arg_int=\count307
\g__xparse_grabber_int=\count308
\l__xparse_m_args_int=\count309
\l__xparse_mandatory_args_int=\count310
\l__xparse_v_nesting_int=\count311
)
.................................................
. LaTeX info: "xparse/define-command"
. 
. Defining command \psCalc with sig. 'm' on line 23.
.................................................
)) (/usr/share/texlive/texmf-dist/tex/latex/base/fontenc.sty
Package: fontenc 2017/04/05 v2.0i Standard LaTeX package
(/usr/share/texlive/texmf-dist/tex/latex/base/t1enc.def
File: t1enc.def 2017/04/05 v2.0i Standard LaTeX file
LaTeX Font Info:    Redeclaring font encoding T1 on input line 48.
)) (/usr/share/texlive/texmf-dist/tex/latex/hyperref/hyperref.sty
Package: hyperref 2018/02/06 v6.86b Hypertext links for LaTeX
(/usr/share/texlive/texmf-dist/tex/generic/oberdiek/hobsub-hyperref.sty
Package: hobsub-hyperref 2016/05/16 v1.14 Bundle oberdiek, subset hyperref (HO)

(/usr/share/texlive/texmf-dist/tex/generic/oberdiek/hobsub-generic.sty
Package: hobsub-generic 2016/05/16 v1.14 Bundle oberdiek, subset generic (HO)
Package: hobsub 2016/05/16 v1.14 Construct package bundles (HO)
Package: infwarerr 2016/05/16 v1.4 Providing info/warning/error messages (HO)
Package: ltxcmds 2016/05/16 v1.23 LaTeX kernel commands for general use (HO)
Package: ifluatex 2016/05/16 v1.4 Provides the ifluatex switch (HO)
Package ifluatex Info: LuaTeX not detected.
Package: ifvtex 2016/05/16 v1.6 Detect VTeX and its facilities (HO)
Package ifvtex Info: VTeX not detected.
Package: intcalc 2016/05/16 v1.2 Expandable calculations with integers (HO)
Package: ifpdf 2017/03/15 v3.2 Provides the ifpdf switch
Package: etexcmds 2016/05/16 v1.6 Avoid name clashes with e-TeX commands (HO)
Package etexcmds Info: Could not find \expanded.
(etexcmds)             That can mean that you are not using pdfTeX 1.50 or
(etexcmds)             that some package has redefined \expanded.
(etexcmds)             In the latter case, load this package earlier.
Package: kvsetkeys 2016/05/16 v1.17 Key value parser (HO)
Package: kvdefinekeys 2016/05/16 v1.4 Define keys (HO)
Package: pdftexcmds 2018/01/21 v0.26 Utility functions of pdfTeX for LuaTeX (HO
)
Package pdftexcmds Info: LuaTeX not detected.
Package pdftexcmds Info: \pdf@primitive is available.
Package pdftexcmds Info: \pdf@ifprimitive is available.
Package pdftexcmds Info: \pdfdraftmode is ignored in DVI mode.
Package: pdfescape 2016/05/16 v1.14 Implements pdfTeX's escape features (HO)
Package: bigintcalc 2016/05/16 v1.4 Expandable calculations on big integers (HO
)
Package: bitset 2016/05/16 v1.2 Handle bit-vector datatype (HO)
Package: uniquecounter 2016/05/16 v1.3 Provide unlimited unique counter (HO)
)
Package hobsub Info: Skipping package `hobsub' (already loaded).
Package: letltxmacro 2016/05/16 v1.5 Let assignment for LaTeX macros (HO)
Package: hopatch 2016/05/16 v1.3 Wrapper for package hooks (HO)
Package: xcolor-patch 2016/05/16 xcolor patch
Package: atveryend 2016/05/16 v1.9 Hooks at the very end of document (HO)
Package atveryend Info: \enddocument detected (standard20110627).
Package: atbegshi 2016/06/09 v1.18 At begin shipout hook (HO)
Package: refcount 2016/05/16 v3.5 Data extraction from label references (HO)
Package: hycolor 2016/05/16 v1.8 Color options for hyperref/bookmark (HO)
) (/usr/share/texlive/texmf-dist/tex/generic/ifxetex/ifxetex.sty
Package: ifxetex 2010/09/12 v0.6 Provides ifxetex conditional
) (/usr/share/texlive/texmf-dist/tex/latex/oberdiek/auxhook.sty
Package: auxhook 2016/05/16 v1.4 Hooks for auxiliary files (HO)
) (/usr/share/texlive/texmf-dist/tex/latex/oberdiek/kvoptions.sty
Package: kvoptions 2016/05/16 v3.12 Key value format for package options (HO)
)
\@linkdim=\dimen281
\Hy@linkcounter=\count312
\Hy@pagecounter=\count313
(/usr/share/texlive/texmf-dist/tex/latex/hyperref/pd1enc.def
File: pd1enc.def 2018/02/06 v6.86b Hyperref: PDFDocEncoding definition (HO)
Now handling font encoding PD1 ...
... no UTF-8 mapping file for font encoding PD1
)
\Hy@SavedSpaceFactor=\count314
(/usr/share/texlive/texmf-dist/tex/latex/latexconfig/hyperref.cfg
File: hyperref.cfg 2002/06/06 v1.2 hyperref configuration of TeXLive
)
Package hyperref Info: Hyper figures OFF on input line 4509.
Package hyperref Info: Link nesting OFF on input line 4514.
Package hyperref Info: Hyper index ON on input line 4517.
Package hyperref Info: Plain pages OFF on input line 4524.
Package hyperref Info: Backreferencing OFF on input line 4529.
Package hyperref Info: Implicit mode ON; LaTeX internals redefined.
Package hyperref Info: Bookmarks ON on input line 4762.
\c@Hy@tempcnt=\count315
(/usr/share/texlive/texmf-dist/tex/latex/url/url.sty
\Urlmuskip=\muskip17
Package: url 2013/09/16  ver 3.4  Verb mode for urls, etc.
)
LaTeX Info: Redefining \url on input line 5115.
\XeTeXLinkMargin=\dimen282
\Fld@menulength=\count316
\Field@Width=\dimen283
\Fld@charsize=\dimen284
Package hyperref Info: Hyper figures OFF on input line 6369.
Package hyperref Info: Link nesting OFF on input line 6374.
Package hyperref Info: Hyper index ON on input line 6377.
Package hyperref Info: backreferencing OFF on input line 6384.
Package hyperref Info: Link coloring OFF on input line 6389.
Package hyperref Info: Link coloring with OCG OFF on input line 6394.
Package hyperref Info: PDF/A mode OFF on input line 6399.
LaTeX Info: Redefining \ref on input line 6439.
LaTeX Info: Redefining \pageref on input line 6443.
\Hy@abspage=\count317
\c@Item=\count318
\c@Hfootnote=\count319
)
Package hyperref Info: Driver (default): hdvips.
(/usr/share/texlive/texmf-dist/tex/latex/hyperref/hdvips.def
File: hdvips.def 2018/02/06 v6.86b Hyperref driver for dvips
(/usr/share/texlive/texmf-dist/tex/latex/hyperref/pdfmark.def
File: pdfmark.def 2018/02/06 v6.86b Hyperref definitions for pdfmark specials
\pdf@docset=\toks49
\pdf@box=\box51
\pdf@toks=\toks50
\pdf@defaulttoks=\toks51
\HyField@AnnotCount=\count320
\Fld@listcount=\count321
\c@bookmark@seq@number=\count322
(/usr/share/texlive/texmf-dist/tex/latex/oberdiek/rerunfilecheck.sty
Package: rerunfilecheck 2016/05/16 v1.8 Rerun checks for auxiliary files (HO)
Package uniquecounter Info: New unique counter `rerunfilecheck' on input line 2
82.
)
\Hy@SectionHShift=\skip59
)) (/usr/share/texlive/texmf-dist/tex/latex/float/float.sty
Package: float 2001/11/08 v1.3d Float enhancements (AL)
\c@float@type=\count323
\float@exts=\toks52
\float@box=\box52
\@float@everytoks=\toks53
\@floatcapt=\box53
)
(/home/eadam/Dropbox/eadam/Desktop/escritorio/proyecto_sergio/ltitoolEnDesarrol
lo/version1.0.0/help/ltitool_manual/slashbox.sty
slashbox style by K.Yasuoka, May 1993.
\@slashboxa=\box54
\@slashboxb=\box55
\@slashboxc=\box56
\@slashboxwd=\count324
\@slashboxht=\count325
\@slashsepl=\dimen285
\@slashsepr=\dimen286
) (/usr/share/texlive/texmf-dist/tex/latex/tools/enumerate.sty
Package: enumerate 2015/07/23 v3.00 enumerate extensions (DPC)
\@enLab=\toks54
) (/usr/share/texlive/texmf-dist/tex/latex/enumitem/enumitem.sty
Package: enumitem 2011/09/28 v3.5.2 Customized lists
\labelindent=\skip60
\enit@outerparindent=\dimen287
\enit@toks=\toks55
\enit@inbox=\box57
\enitdp@description=\count326
) (/usr/share/texlive/texmf-dist/tex/latex/yhmath/yhmath.sty
Package: yhmath 
\symyhlargesymbols=\mathgroup8
LaTeX Font Info:    Redeclaring math accent \widetilde on input line 13.
LaTeX Font Info:    Redeclaring math accent \widehat on input line 14.
) (/usr/share/texlive/texmf-dist/tex/latex/tools/multicol.sty
Package: multicol 2017/04/11 v1.8q multicolumn formatting (FMi)
\c@tracingmulticols=\count327
\mult@box=\box58
\multicol@leftmargin=\dimen288
\c@unbalance=\count328
\c@collectmore=\count329
\doublecol@number=\count330
\multicoltolerance=\count331
\multicolpretolerance=\count332
\full@width=\dimen289
\page@free=\dimen290
\premulticols=\dimen291
\postmulticols=\dimen292
\multicolsep=\skip61
\multicolbaselineskip=\skip62
\partial@page=\box59
\last@line=\box60
\maxbalancingoverflow=\dimen293
\mult@rightbox=\box61
\mult@grightbox=\box62
\mult@gfirstbox=\box63
\mult@firstbox=\box64
\@tempa=\box65
\@tempa=\box66
\@tempa=\box67
\@tempa=\box68
\@tempa=\box69
\@tempa=\box70
\@tempa=\box71
\@tempa=\box72
\@tempa=\box73
\@tempa=\box74
\@tempa=\box75
\@tempa=\box76
\@tempa=\box77
\@tempa=\box78
\@tempa=\box79
\@tempa=\box80
\@tempa=\box81
\c@columnbadness=\count333
\c@finalcolumnbadness=\count334
\last@try=\dimen294
\multicolovershoot=\dimen295
\multicolundershoot=\dimen296
\mult@nat@firstbox=\box82
\colbreak@box=\box83
\mc@col@check@num=\count335
) (/usr/share/texlive/texmf-dist/tex/latex/multirow/multirow.sty
Package: multirow 2016/11/25 v2.2 Span multiple rows of a table
\multirow@colwidth=\skip63
\multirow@cntb=\count336
\multirow@dima=\skip64
\bigstrutjot=\dimen297
) (/usr/share/texlive/texmf-dist/tex/latex/subfigure/subfigure.sty
Package: subfigure 2002/03/15 v2.1.5 subfigure package
\subfigtopskip=\skip65
\subfigcapskip=\skip66
\subfigcaptopadj=\dimen298
\subfigbottomskip=\skip67
\subfigcapmargin=\dimen299
\subfiglabelskip=\skip68
\c@subfigure=\count337
\c@lofdepth=\count338
\c@subtable=\count339
\c@lotdepth=\count340
****************************************
* Local config file subfigure.cfg used *
****************************************
(/usr/share/texlive/texmf-dist/tex/latex/subfigure/subfigure.cfg)
\subfig@top=\skip69
\subfig@bottom=\skip70
) (/usr/share/texlive/texmf-dist/tex/latex/fancyhdr/fancyhdr.sty
Package: fancyhdr 2017/06/30 v3.9a Extensive control of page headers and footer
s
\f@nch@headwidth=\skip71
\f@nch@O@elh=\skip72
\f@nch@O@erh=\skip73
\f@nch@O@olh=\skip74
\f@nch@O@orh=\skip75
\f@nch@O@elf=\skip76
\f@nch@O@erf=\skip77
\f@nch@O@olf=\skip78
\f@nch@O@orf=\skip79
) (/usr/share/texlive/texmf-dist/tex/latex/tools/xspace.sty
Package: xspace 2014/10/28 v1.13 Space after command names (DPC,MH)
) (/usr/share/texlive/texmf-dist/tex/latex/srcltx/srcltx.sty
Package: srcltx 2006/11/12 v1.6 Source specials for inverse search in DVI files

\src@lastline=\count341
\src@new@everypar=\toks56
\src@new@output=\toks57
) (/usr/share/texlive/texmf-dist/tex/latex/tools/longtable.sty
Package: longtable 2014/10/28 v4.11 Multi-page Table package (DPC)
\LTleft=\skip80
\LTright=\skip81
\LTpre=\skip82
\LTpost=\skip83
\LTchunksize=\count342
\LTcapwidth=\dimen300
\LT@head=\box84
\LT@firsthead=\box85
\LT@foot=\box86
\LT@lastfoot=\box87
\LT@cols=\count343
\LT@rows=\count344
\c@LT@tables=\count345
\c@LT@chunks=\count346
\LT@p@ftn=\toks58
) (/usr/share/texlive/texmf-dist/tex/latex/cite/cite.sty
LaTeX Info: Redefining \cite on input line 302.
LaTeX Info: Redefining \nocite on input line 332.
Package: cite 2015/02/27  v 5.5
)
\@indexfile=\write5
\openout5 = `images.idx'.

Writing index file images.idx
(/usr/share/texlive/texmf-dist/tex/latex/schemabloc/schemabloc.sty
Package: schemabloc 2006/12/29
(/usr/share/texlive/texmf-dist/tex/latex/pgf/frontendlayer/tikz.sty (/usr/share
/texlive/texmf-dist/tex/latex/pgf/basiclayer/pgf.sty (/usr/share/texlive/texmf-
dist/tex/latex/pgf/utilities/pgfrcs.sty (/usr/share/texlive/texmf-dist/tex/gene
ric/pgf/utilities/pgfutil-common.tex
\pgfutil@everybye=\toks59
\pgfutil@tempdima=\dimen301
\pgfutil@tempdimb=\dimen302

(/usr/share/texlive/texmf-dist/tex/generic/pgf/utilities/pgfutil-common-lists.t
ex)) (/usr/share/texlive/texmf-dist/tex/generic/pgf/utilities/pgfutil-latex.def
\pgfutil@abb=\box88
(/usr/share/texlive/texmf-dist/tex/latex/ms/everyshi.sty
Package: everyshi 2001/05/15 v3.00 EveryShipout Package (MS)
))
Package srcltx Info: Expanded filename `pgfrcs.code.tex' to `pgfrcs.code.tex' o
n input line 13.
:<+ pgfrcs.code.tex
(/usr/share/texlive/texmf-dist/tex/generic/pgf/utilities/pgfrcs.code.tex
Package: pgfrcs 2015/08/07 v3.0.1a (rcs-revision 1.31)
)
:<-
)
Package: pgf 2015/08/07 v3.0.1a (rcs-revision 1.15)
(/usr/share/texlive/texmf-dist/tex/latex/pgf/basiclayer/pgfcore.sty (/usr/share
/texlive/texmf-dist/tex/latex/pgf/systemlayer/pgfsys.sty
Package srcltx Info: Expanded filename `pgfsys.code.tex' to `pgfsys.code.tex' o
n input line 16.
:<+ pgfsys.code.tex
(/usr/share/texlive/texmf-dist/tex/generic/pgf/systemlayer/pgfsys.code.tex
Package: pgfsys 2014/07/09 v3.0.1a (rcs-revision 1.48)
(/usr/share/texlive/texmf-dist/tex/generic/pgf/utilities/pgfkeys.code.tex)
\pgf@x=\dimen303
\pgf@y=\dimen304
\pgf@xa=\dimen305
\pgf@ya=\dimen306
\pgf@xb=\dimen307
\pgf@yb=\dimen308
\pgf@xc=\dimen309
\pgf@yc=\dimen310
\w@pgf@writea=\write6
\r@pgf@reada=\read2
\c@pgf@counta=\count347
\c@pgf@countb=\count348
\c@pgf@countc=\count349
\c@pgf@countd=\count350
\t@pgf@toka=\toks60
\t@pgf@tokb=\toks61
\t@pgf@tokc=\toks62
(/usr/share/texlive/texmf-dist/tex/generic/pgf/systemlayer/pgf.cfg
File: pgf.cfg 2008/05/14  (rcs-revision 1.7)
)
Driver file for pgf: pgfsys-dvips.def
(/usr/share/texlive/texmf-dist/tex/generic/pgf/systemlayer/pgfsys-dvips.def
File: pgfsys-dvips.def 2014/07/09  (rcs-revision 1.25)

(/usr/share/texlive/texmf-dist/tex/generic/pgf/systemlayer/pgfsys-common-postsc
ript.def
File: pgfsys-common-postscript.def 2008/10/01  (rcs-revision 1.22)
\pgf@objectcount=\count351
)))
:<-
Package srcltx Info: Expanded filename `pgfsyssoftpath.code.tex' to `pgfsyssoft
path.code.tex' on input line 17.
:<+ pgfsyssoftpath.code.tex

(/usr/share/texlive/texmf-dist/tex/generic/pgf/systemlayer/pgfsyssoftpath.code.
tex
File: pgfsyssoftpath.code.tex 2013/09/09  (rcs-revision 1.9)
\pgfsyssoftpath@smallbuffer@items=\count352
\pgfsyssoftpath@bigbuffer@items=\count353
)
:<-
Package srcltx Info: Expanded filename `pgfsysprotocol.code.tex' to `pgfsysprot
ocol.code.tex' on input line 18.
:<+ pgfsysprotocol.code.tex

(/usr/share/texlive/texmf-dist/tex/generic/pgf/systemlayer/pgfsysprotocol.code.
tex
File: pgfsysprotocol.code.tex 2006/10/16  (rcs-revision 1.4)
)
:<-
)
Package srcltx Info: Expanded filename `pgfcore.code.tex' to `pgfcore.code.tex'
 on input line 17.
:<+ pgfcore.code.tex
(/usr/share/texlive/texmf-dist/tex/generic/pgf/basiclayer/pgfcore.code.tex
Package: pgfcore 2010/04/11 v3.0.1a (rcs-revision 1.7)
(/usr/share/texlive/texmf-dist/tex/generic/pgf/math/pgfmath.code.tex)
(/usr/share/texlive/texmf-dist/tex/generic/pgf/basiclayer/pgfcorepoints.code.te
x
File: pgfcorepoints.code.tex 2013/10/07  (rcs-revision 1.27)
\pgf@picminx=\dimen311
\pgf@picmaxx=\dimen312
\pgf@picminy=\dimen313
\pgf@picmaxy=\dimen314
\pgf@pathminx=\dimen315
\pgf@pathmaxx=\dimen316
\pgf@pathminy=\dimen317
\pgf@pathmaxy=\dimen318
\pgf@xx=\dimen319
\pgf@xy=\dimen320
\pgf@yx=\dimen321
\pgf@yy=\dimen322
\pgf@zx=\dimen323
\pgf@zy=\dimen324
)
(/usr/share/texlive/texmf-dist/tex/generic/pgf/basiclayer/pgfcorepathconstruct.
code.tex
File: pgfcorepathconstruct.code.tex 2013/10/07  (rcs-revision 1.29)
\pgf@path@lastx=\dimen325
\pgf@path@lasty=\dimen326
)
(/usr/share/texlive/texmf-dist/tex/generic/pgf/basiclayer/pgfcorepathusage.code
.tex
File: pgfcorepathusage.code.tex 2014/11/02  (rcs-revision 1.24)
\pgf@shorten@end@additional=\dimen327
\pgf@shorten@start@additional=\dimen328
)
(/usr/share/texlive/texmf-dist/tex/generic/pgf/basiclayer/pgfcorescopes.code.te
x
File: pgfcorescopes.code.tex 2015/05/08  (rcs-revision 1.46)
\pgfpic=\box89
\pgf@hbox=\box90
\pgf@layerbox@main=\box91
\pgf@picture@serial@count=\count354
)
(/usr/share/texlive/texmf-dist/tex/generic/pgf/basiclayer/pgfcoregraphicstate.c
ode.tex
File: pgfcoregraphicstate.code.tex 2014/11/02  (rcs-revision 1.12)
\pgflinewidth=\dimen329
)
(/usr/share/texlive/texmf-dist/tex/generic/pgf/basiclayer/pgfcoretransformation
s.code.tex
File: pgfcoretransformations.code.tex 2015/08/07  (rcs-revision 1.20)
\pgf@pt@x=\dimen330
\pgf@pt@y=\dimen331
\pgf@pt@temp=\dimen332
)
(/usr/share/texlive/texmf-dist/tex/generic/pgf/basiclayer/pgfcorequick.code.tex
File: pgfcorequick.code.tex 2008/10/09  (rcs-revision 1.3)
)
(/usr/share/texlive/texmf-dist/tex/generic/pgf/basiclayer/pgfcoreobjects.code.t
ex
File: pgfcoreobjects.code.tex 2006/10/11  (rcs-revision 1.2)
)
(/usr/share/texlive/texmf-dist/tex/generic/pgf/basiclayer/pgfcorepathprocessing
.code.tex
File: pgfcorepathprocessing.code.tex 2013/09/09  (rcs-revision 1.9)
)
(/usr/share/texlive/texmf-dist/tex/generic/pgf/basiclayer/pgfcorearrows.code.te
x
File: pgfcorearrows.code.tex 2015/05/14  (rcs-revision 1.43)
\pgfarrowsep=\dimen333
)
(/usr/share/texlive/texmf-dist/tex/generic/pgf/basiclayer/pgfcoreshade.code.tex
File: pgfcoreshade.code.tex 2013/07/15  (rcs-revision 1.15)
\pgf@max=\dimen334
\pgf@sys@shading@range@num=\count355
)
(/usr/share/texlive/texmf-dist/tex/generic/pgf/basiclayer/pgfcoreimage.code.tex
File: pgfcoreimage.code.tex 2013/07/15  (rcs-revision 1.18)

(/usr/share/texlive/texmf-dist/tex/generic/pgf/basiclayer/pgfcoreexternal.code.
tex
File: pgfcoreexternal.code.tex 2014/07/09  (rcs-revision 1.21)
\pgfexternal@startupbox=\box92
))
(/usr/share/texlive/texmf-dist/tex/generic/pgf/basiclayer/pgfcorelayers.code.te
x
File: pgfcorelayers.code.tex 2013/07/18  (rcs-revision 1.7)
)
(/usr/share/texlive/texmf-dist/tex/generic/pgf/basiclayer/pgfcoretransparency.c
ode.tex
File: pgfcoretransparency.code.tex 2013/09/30  (rcs-revision 1.5)
)
(/usr/share/texlive/texmf-dist/tex/generic/pgf/basiclayer/pgfcorepatterns.code.
tex
File: pgfcorepatterns.code.tex 2013/11/07  (rcs-revision 1.5)
))
:<-
)
(/usr/share/texlive/texmf-dist/tex/generic/pgf/modules/pgfmoduleshapes.code.tex
File: pgfmoduleshapes.code.tex 2014/03/21  (rcs-revision 1.35)
\pgfnodeparttextbox=\box93
) (/usr/share/texlive/texmf-dist/tex/generic/pgf/modules/pgfmoduleplot.code.tex
File: pgfmoduleplot.code.tex 2015/08/03  (rcs-revision 1.13)
)
(/usr/share/texlive/texmf-dist/tex/latex/pgf/compatibility/pgfcomp-version-0-65
.sty
Package: pgfcomp-version-0-65 2007/07/03 v3.0.1a (rcs-revision 1.7)
\pgf@nodesepstart=\dimen335
\pgf@nodesepend=\dimen336
)
(/usr/share/texlive/texmf-dist/tex/latex/pgf/compatibility/pgfcomp-version-1-18
.sty
Package: pgfcomp-version-1-18 2007/07/23 v3.0.1a (rcs-revision 1.1)
)) (/usr/share/texlive/texmf-dist/tex/latex/pgf/utilities/pgffor.sty (/usr/shar
e/texlive/texmf-dist/tex/latex/pgf/utilities/pgfkeys.sty
Package srcltx Info: Expanded filename `pgfkeys.code.tex' to `pgfkeys.code.tex'
 on input line 10.
:<+ pgfkeys.code.tex
(/usr/share/texlive/texmf-dist/tex/generic/pgf/utilities/pgfkeys.code.tex)
:<-
) (/usr/share/texlive/texmf-dist/tex/latex/pgf/math/pgfmath.sty
Package srcltx Info: Expanded filename `pgfmath.code.tex' to `pgfmath.code.tex'
 on input line 11.
:<+ pgfmath.code.tex
(/usr/share/texlive/texmf-dist/tex/generic/pgf/math/pgfmath.code.tex)
:<-
)
Package srcltx Info: Expanded filename `pgffor.code.tex' to `pgffor.code.tex' o
n input line 14.
:<+ pgffor.code.tex
(/usr/share/texlive/texmf-dist/tex/generic/pgf/utilities/pgffor.code.tex
Package: pgffor 2013/12/13 v3.0.1a (rcs-revision 1.25)
(/usr/share/texlive/texmf-dist/tex/generic/pgf/math/pgfmath.code.tex)
\pgffor@iter=\dimen337
\pgffor@skip=\dimen338
\pgffor@stack=\toks63
\pgffor@toks=\toks64
)
:<-
)
Package srcltx Info: Expanded filename `tikz.code.tex' to `tikz.code.tex' on in
put line 13.
:<+ tikz.code.tex

(/usr/share/texlive/texmf-dist/tex/generic/pgf/frontendlayer/tikz/tikz.code.tex
Package: tikz 2015/08/07 v3.0.1a (rcs-revision 1.151)

(/usr/share/texlive/texmf-dist/tex/generic/pgf/libraries/pgflibraryplothandlers
.code.tex
File: pgflibraryplothandlers.code.tex 2013/08/31 v3.0.1a (rcs-revision 1.20)
\pgf@plot@mark@count=\count356
\pgfplotmarksize=\dimen339
)
\tikz@lastx=\dimen340
\tikz@lasty=\dimen341
\tikz@lastxsaved=\dimen342
\tikz@lastysaved=\dimen343
\tikzleveldistance=\dimen344
\tikzsiblingdistance=\dimen345
\tikz@figbox=\box94
\tikz@figbox@bg=\box95
\tikz@tempbox=\box96
\tikz@tempbox@bg=\box97
\tikztreelevel=\count357
\tikznumberofchildren=\count358
\tikznumberofcurrentchild=\count359
\tikz@fig@count=\count360

(/usr/share/texlive/texmf-dist/tex/generic/pgf/modules/pgfmodulematrix.code.tex
File: pgfmodulematrix.code.tex 2013/09/17  (rcs-revision 1.8)
\pgfmatrixcurrentrow=\count361
\pgfmatrixcurrentcolumn=\count362
\pgf@matrix@numberofcolumns=\count363
)
\tikz@expandcount=\count364

(/usr/share/texlive/texmf-dist/tex/generic/pgf/frontendlayer/tikz/libraries/tik
zlibrarytopaths.code.tex
File: tikzlibrarytopaths.code.tex 2008/06/17 v3.0.1a (rcs-revision 1.2)
))
:<-
)
(/usr/share/texlive/texmf-dist/tex/generic/pgf/frontendlayer/tikz/libraries/tik
zlibraryshapes.code.tex
File: tikzlibraryshapes.code.tex 2008/01/09 v3.0.1a (rcs-revision 1.1)

(/usr/share/texlive/texmf-dist/tex/generic/pgf/frontendlayer/tikz/libraries/tik
zlibraryshapes.geometric.code.tex
File: tikzlibraryshapes.geometric.code.tex 2008/01/09 v3.0.1a (rcs-revision 1.1
)

(/usr/share/texlive/texmf-dist/tex/generic/pgf/libraries/shapes/pgflibraryshape
s.geometric.code.tex
File: pgflibraryshapes.geometric.code.tex 2008/06/26 v3.0.1a (rcs-revision 1.1)

))
(/usr/share/texlive/texmf-dist/tex/generic/pgf/frontendlayer/tikz/libraries/tik
zlibraryshapes.misc.code.tex
File: tikzlibraryshapes.misc.code.tex 2008/01/09 v3.0.1a (rcs-revision 1.1)

(/usr/share/texlive/texmf-dist/tex/generic/pgf/libraries/shapes/pgflibraryshape
s.misc.code.tex
File: pgflibraryshapes.misc.code.tex 2013/07/18 v3.0.1a (rcs-revision 1.5)
))
(/usr/share/texlive/texmf-dist/tex/generic/pgf/frontendlayer/tikz/libraries/tik
zlibraryshapes.symbols.code.tex
File: tikzlibraryshapes.symbols.code.tex 2008/01/09 v3.0.1a (rcs-revision 1.1)

(/usr/share/texlive/texmf-dist/tex/generic/pgf/libraries/shapes/pgflibraryshape
s.symbols.code.tex
File: pgflibraryshapes.symbols.code.tex 2013/09/11 v3.0.1a (rcs-revision 1.6)
))
(/usr/share/texlive/texmf-dist/tex/generic/pgf/frontendlayer/tikz/libraries/tik
zlibraryshapes.arrows.code.tex
File: tikzlibraryshapes.arrows.code.tex 2008/01/09 v3.0.1a (rcs-revision 1.1)

(/usr/share/texlive/texmf-dist/tex/generic/pgf/libraries/shapes/pgflibraryshape
s.arrows.code.tex
File: pgflibraryshapes.arrows.code.tex 2008/06/26 v3.0.1a (rcs-revision 1.1)
))
(/usr/share/texlive/texmf-dist/tex/generic/pgf/frontendlayer/tikz/libraries/tik
zlibraryshapes.callouts.code.tex
(/usr/share/texlive/texmf-dist/tex/generic/pgf/libraries/shapes/pgflibraryshape
s.callouts.code.tex))
(/usr/share/texlive/texmf-dist/tex/generic/pgf/frontendlayer/tikz/libraries/tik
zlibraryshapes.multipart.code.tex
File: tikzlibraryshapes.multipart.code.tex 2008/01/09 v3.0.1a (rcs-revision 1.1
)

(/usr/share/texlive/texmf-dist/tex/generic/pgf/libraries/shapes/pgflibraryshape
s.multipart.code.tex
File: pgflibraryshapes.multipart.code.tex 2010/01/07 v3.0.1a (rcs-revision 1.2)

\pgfnodepartlowerbox=\box98
\pgfnodeparttwobox=\box99
\pgfnodepartthreebox=\box100
\pgfnodepartfourbox=\box101
\pgfnodeparttwentybox=\box102
\pgfnodepartnineteenbox=\box103
\pgfnodeparteighteenbox=\box104
\pgfnodepartseventeenbox=\box105
\pgfnodepartsixteenbox=\box106
\pgfnodepartfifteenbox=\box107
\pgfnodepartfourteenbox=\box108
\pgfnodepartthirteenbox=\box109
\pgfnodeparttwelvebox=\box110
\pgfnodepartelevenbox=\box111
\pgfnodeparttenbox=\box112
\pgfnodepartninebox=\box113
\pgfnodeparteightbox=\box114
\pgfnodepartsevenbox=\box115
\pgfnodepartsixbox=\box116
\pgfnodepartfivebox=\box117
)))
(/usr/share/texlive/texmf-dist/tex/generic/pgf/frontendlayer/tikz/libraries/tik
zlibraryarrows.code.tex
File: tikzlibraryarrows.code.tex 2008/01/09 v3.0.1a (rcs-revision 1.1)

(/usr/share/texlive/texmf-dist/tex/generic/pgf/libraries/pgflibraryarrows.code.
tex
File: pgflibraryarrows.code.tex 2013/09/23 v3.0.1a (rcs-revision 1.16)
\arrowsize=\dimen346
))) (/usr/share/texlive/texmf-dist/tex/latex/blox/blox.sty
Package: blox 2014/08/20 v2.5 Just an English translation of schemabloc
* 
bloX: Just an English translation of schemabloc package.
bloX Copyright (C) 2014 Ben Reish
* 
This program comes with ABSOLUTELY NO WARRANTY.
This is free software, and you are welcome to redistribute it
under certain conditions.
* 
) (/usr/share/texlive/texmf-dist/tex/latex/lipsum/lipsum.sty
Package: lipsum 2014/07/27 v1.3 150 paragraphs of Lorem Ipsum dummy text
\c@lips@count=\count365
)
\c@notation=\count366
\c@dummy=\count367
\c@problem=\count368
\c@exerciseT=\count369
\c@exampleT=\count370
\c@vocabulary=\count371
\c@definitionT=\count372
\c@procedureT=\count373
(/usr/share/texlive/texmf-dist/tex/latex/mdframed/mdframed.sty
Package: mdframed 2013/07/01 1.9b: mdframed
(/usr/share/texlive/texmf-dist/tex/latex/etoolbox/etoolbox.sty
Package: etoolbox 2018/02/11 v2.5e e-TeX tools for LaTeX (JAW)
\etb@tempcnta=\count374
) (/usr/share/texlive/texmf-dist/tex/latex/oberdiek/zref-abspage.sty
Package: zref-abspage 2016/05/21 v2.26 Module abspage for zref (HO)
(/usr/share/texlive/texmf-dist/tex/latex/oberdiek/zref-base.sty
Package: zref-base 2016/05/21 v2.26 Module base for zref (HO)
Package zref Info: New property list: main on input line 759.
Package zref Info: New property: default on input line 760.
Package zref Info: New property: page on input line 761.
)
\c@abspage=\count375
Package zref Info: New property: abspage on input line 62.
) (/usr/share/texlive/texmf-dist/tex/latex/needspace/needspace.sty
Package: needspace 2010/09/12 v1.3d reserve vertical space
)
\mdf@templength=\skip84
\c@mdf@globalstyle@cnt=\count376
\mdf@skipabove@length=\skip85
\mdf@skipbelow@length=\skip86
\mdf@leftmargin@length=\skip87
\mdf@rightmargin@length=\skip88
\mdf@innerleftmargin@length=\skip89
\mdf@innerrightmargin@length=\skip90
\mdf@innertopmargin@length=\skip91
\mdf@innerbottommargin@length=\skip92
\mdf@splittopskip@length=\skip93
\mdf@splitbottomskip@length=\skip94
\mdf@outermargin@length=\skip95
\mdf@innermargin@length=\skip96
\mdf@linewidth@length=\skip97
\mdf@innerlinewidth@length=\skip98
\mdf@middlelinewidth@length=\skip99
\mdf@outerlinewidth@length=\skip100
\mdf@roundcorner@length=\skip101
\mdf@footenotedistance@length=\skip102
\mdf@userdefinedwidth@length=\skip103
\mdf@needspace@length=\skip104
\mdf@frametitleaboveskip@length=\skip105
\mdf@frametitlebelowskip@length=\skip106
\mdf@frametitlerulewidth@length=\skip107
\mdf@frametitleleftmargin@length=\skip108
\mdf@frametitlerightmargin@length=\skip109
\mdf@shadowsize@length=\skip110
\mdf@extratopheight@length=\skip111
\mdf@subtitleabovelinewidth@length=\skip112
\mdf@subtitlebelowlinewidth@length=\skip113
\mdf@subtitleaboveskip@length=\skip114
\mdf@subtitlebelowskip@length=\skip115
\mdf@subtitleinneraboveskip@length=\skip116
\mdf@subtitleinnerbelowskip@length=\skip117
\mdf@subsubtitleabovelinewidth@length=\skip118
\mdf@subsubtitlebelowlinewidth@length=\skip119
\mdf@subsubtitleaboveskip@length=\skip120
\mdf@subsubtitlebelowskip@length=\skip121
\mdf@subsubtitleinneraboveskip@length=\skip122
\mdf@subsubtitleinnerbelowskip@length=\skip123
Package srcltx Info: Expanded filename `md-frame-0.mdf' to `md-frame-0.mdf.tex'
 on input line 382.
:<+ md-frame-0.mdf.tex
(/usr/share/texlive/texmf-dist/tex/latex/mdframed/md-frame-0.mdf
File: md-frame-0.mdf 2013/07/01\ 1.9b: md-frame-0
)
:<-
\mdf@frametitlebox=\box118
\mdf@footnotebox=\box119
\mdf@splitbox@one=\box120
\mdf@splitbox@two=\box121
\mdf@splitbox@save=\box122
\mdfsplitboxwidth=\skip124
\mdfsplitboxtotalwidth=\skip125
\mdfsplitboxheight=\skip126
\mdfsplitboxdepth=\skip127
\mdfsplitboxtotalheight=\skip128
\mdfframetitleboxwidth=\skip129
\mdfframetitleboxtotalwidth=\skip130
\mdfframetitleboxheight=\skip131
\mdfframetitleboxdepth=\skip132
\mdfframetitleboxtotalheight=\skip133
\mdffootnoteboxwidth=\skip134
\mdffootnoteboxtotalwidth=\skip135
\mdffootnoteboxheight=\skip136
\mdffootnoteboxdepth=\skip137
\mdffootnoteboxtotalheight=\skip138
\mdftotallinewidth=\skip139
\mdfboundingboxwidth=\skip140
\mdfboundingboxtotalwidth=\skip141
\mdfboundingboxheight=\skip142
\mdfboundingboxdepth=\skip143
\mdfboundingboxtotalheight=\skip144
\mdf@freevspace@length=\skip145
\mdf@horizontalwidthofbox@length=\skip146
\mdf@verticalmarginwhole@length=\skip147
\mdf@horizontalspaceofbox=\skip148
\mdfsubtitleheight=\skip149
\mdfsubsubtitleheight=\skip150
\c@mdfcountframes=\count377

****** mdframed patching \endmdf@trivlist

****** -- success******

.................................................
. LaTeX info: "xparse/define-command"
. 
. Defining command \newmdtheoremenv with sig. 'O{} m o m o ' on line 601.
.................................................
.................................................
. LaTeX info: "xparse/define-command"
. 
. Defining command \mdtheorem with sig. ' O{} m o m o ' on line 701.
.................................................
\mdf@envdepth=\count378
\c@mdf@env@i=\count379
\c@mdf@env@ii=\count380
\c@mdf@zref@counter=\count381
Package zref Info: New property: mdf@pagevalue on input line 895.
)
\c@lemma=\count382
\c@corolario=\count383
\c@remarca=\count384
\c@reg=\count385
\c@prop=\count386
\c@procedimiento=\count387
(/usr/share/texlive/texmf-dist/tex/latex/listings/listings.sty
\lst@mode=\count388
\lst@gtempboxa=\box123
\lst@token=\toks65
\lst@length=\count389
\lst@currlwidth=\dimen347
\lst@column=\count390
\lst@pos=\count391
\lst@lostspace=\dimen348
\lst@width=\dimen349
\lst@newlines=\count392
\lst@lineno=\count393
\lst@maxwidth=\dimen350
(/usr/share/texlive/texmf-dist/tex/latex/listings/lstmisc.sty
File: lstmisc.sty 2015/06/04 1.6 (Carsten Heinz)
\c@lstnumber=\count394
\lst@skipnumbers=\count395
\lst@framebox=\box124
) (/usr/share/texlive/texmf-dist/tex/latex/listings/listings.cfg
File: listings.cfg 2015/06/04 1.6 listings configuration
))
Package: listings 2015/06/04 1.6 (Carsten Heinz)
(/usr/share/texlive/texmf-dist/tex/latex/oberdiek/listingsutf8.sty
Package: listingsutf8 2016/05/16 v1.3 Allow UTF-8 in listings input (HO)
(/usr/share/texlive/texmf-dist/tex/generic/oberdiek/stringenc.sty
Package: stringenc 2016/05/16 v1.11 Convert strings between diff. encodings (HO
)
)) (/usr/share/texlive/texmf-dist/tex/latex/upquote/upquote.sty
Package: upquote 2012/04/19 v1.3 upright-quote and grave-accent glyphs in verba
tim
(/usr/share/texlive/texmf-dist/tex/latex/base/textcomp.sty
Package: textcomp 2017/04/05 v2.0i Standard LaTeX package
Package textcomp Info: Sub-encoding information:
(textcomp)               5 = only ISO-Adobe without \textcurrency
(textcomp)               4 = 5 + \texteuro
(textcomp)               3 = 4 + \textohm
(textcomp)               2 = 3 + \textestimated + \textcurrency
(textcomp)               1 = TS1 - \textcircled - \t
(textcomp)               0 = TS1 (full)
(textcomp)             Font families with sub-encoding setting implement
(textcomp)             only a restricted character set as indicated.
(textcomp)             Family '?' is the default used for unknown fonts.
(textcomp)             See the documentation for details.
Package textcomp Info: Setting ? sub-encoding to TS1/1 on input line 79.
Package srcltx Info: Expanded filename `ts1enc.def' to `ts1enc.def.tex' on inpu
t line 330.
:<+ ts1enc.def.tex
(/usr/share/texlive/texmf-dist/tex/latex/base/ts1enc.def
File: ts1enc.def 2001/06/05 v3.0e (jk/car/fm) Standard LaTeX file
Now handling font encoding TS1 ...
... processing UTF-8 mapping file for font encoding TS1
(/usr/share/texlive/texmf-dist/tex/latex/base/ts1enc.dfu
File: ts1enc.dfu 2017/01/28 v1.1t UTF-8 support for inputenc
))
:<-
LaTeX Info: Redefining \oldstylenums on input line 334.
Package textcomp Info: Setting cmr sub-encoding to TS1/0 on input line 349.
Package textcomp Info: Setting cmss sub-encoding to TS1/0 on input line 350.
Package textcomp Info: Setting cmtt sub-encoding to TS1/0 on input line 351.
Package textcomp Info: Setting cmvtt sub-encoding to TS1/0 on input line 352.
Package textcomp Info: Setting cmbr sub-encoding to TS1/0 on input line 353.
Package textcomp Info: Setting cmtl sub-encoding to TS1/0 on input line 354.
Package textcomp Info: Setting ccr sub-encoding to TS1/0 on input line 355.
Package textcomp Info: Setting ptm sub-encoding to TS1/4 on input line 356.
Package textcomp Info: Setting pcr sub-encoding to TS1/4 on input line 357.
Package textcomp Info: Setting phv sub-encoding to TS1/4 on input line 358.
Package textcomp Info: Setting ppl sub-encoding to TS1/3 on input line 359.
Package textcomp Info: Setting pag sub-encoding to TS1/4 on input line 360.
Package textcomp Info: Setting pbk sub-encoding to TS1/4 on input line 361.
Package textcomp Info: Setting pnc sub-encoding to TS1/4 on input line 362.
Package textcomp Info: Setting pzc sub-encoding to TS1/4 on input line 363.
Package textcomp Info: Setting bch sub-encoding to TS1/4 on input line 364.
Package textcomp Info: Setting put sub-encoding to TS1/5 on input line 365.
Package textcomp Info: Setting uag sub-encoding to TS1/5 on input line 366.
Package textcomp Info: Setting ugq sub-encoding to TS1/5 on input line 367.
Package textcomp Info: Setting ul8 sub-encoding to TS1/4 on input line 368.
Package textcomp Info: Setting ul9 sub-encoding to TS1/4 on input line 369.
Package textcomp Info: Setting augie sub-encoding to TS1/5 on input line 370.
Package textcomp Info: Setting dayrom sub-encoding to TS1/3 on input line 371.
Package textcomp Info: Setting dayroms sub-encoding to TS1/3 on input line 372.

Package textcomp Info: Setting pxr sub-encoding to TS1/0 on input line 373.
Package textcomp Info: Setting pxss sub-encoding to TS1/0 on input line 374.
Package textcomp Info: Setting pxtt sub-encoding to TS1/0 on input line 375.
Package textcomp Info: Setting txr sub-encoding to TS1/0 on input line 376.
Package textcomp Info: Setting txss sub-encoding to TS1/0 on input line 377.
Package textcomp Info: Setting txtt sub-encoding to TS1/0 on input line 378.
Package textcomp Info: Setting lmr sub-encoding to TS1/0 on input line 379.
Package textcomp Info: Setting lmdh sub-encoding to TS1/0 on input line 380.
Package textcomp Info: Setting lmss sub-encoding to TS1/0 on input line 381.
Package textcomp Info: Setting lmssq sub-encoding to TS1/0 on input line 382.
Package textcomp Info: Setting lmvtt sub-encoding to TS1/0 on input line 383.
Package textcomp Info: Setting lmtt sub-encoding to TS1/0 on input line 384.
Package textcomp Info: Setting qhv sub-encoding to TS1/0 on input line 385.
Package textcomp Info: Setting qag sub-encoding to TS1/0 on input line 386.
Package textcomp Info: Setting qbk sub-encoding to TS1/0 on input line 387.
Package textcomp Info: Setting qcr sub-encoding to TS1/0 on input line 388.
Package textcomp Info: Setting qcs sub-encoding to TS1/0 on input line 389.
Package textcomp Info: Setting qpl sub-encoding to TS1/0 on input line 390.
Package textcomp Info: Setting qtm sub-encoding to TS1/0 on input line 391.
Package textcomp Info: Setting qzc sub-encoding to TS1/0 on input line 392.
Package textcomp Info: Setting qhvc sub-encoding to TS1/0 on input line 393.
Package textcomp Info: Setting futs sub-encoding to TS1/4 on input line 394.
Package textcomp Info: Setting futx sub-encoding to TS1/4 on input line 395.
Package textcomp Info: Setting futj sub-encoding to TS1/4 on input line 396.
Package textcomp Info: Setting hlh sub-encoding to TS1/3 on input line 397.
Package textcomp Info: Setting hls sub-encoding to TS1/3 on input line 398.
Package textcomp Info: Setting hlst sub-encoding to TS1/3 on input line 399.
Package textcomp Info: Setting hlct sub-encoding to TS1/5 on input line 400.
Package textcomp Info: Setting hlx sub-encoding to TS1/5 on input line 401.
Package textcomp Info: Setting hlce sub-encoding to TS1/5 on input line 402.
Package textcomp Info: Setting hlcn sub-encoding to TS1/5 on input line 403.
Package textcomp Info: Setting hlcw sub-encoding to TS1/5 on input line 404.
Package textcomp Info: Setting hlcf sub-encoding to TS1/5 on input line 405.
Package textcomp Info: Setting pplx sub-encoding to TS1/3 on input line 406.
Package textcomp Info: Setting pplj sub-encoding to TS1/3 on input line 407.
Package textcomp Info: Setting ptmx sub-encoding to TS1/4 on input line 408.
Package textcomp Info: Setting ptmj sub-encoding to TS1/4 on input line 409.
)) (/usr/share/texlive/texmf-dist/tex/latex/caption/caption.sty
Package: caption 2016/02/21 v3.3-144 Customizing captions (AR)
(/usr/share/texlive/texmf-dist/tex/latex/caption/caption3.sty
Package: caption3 2016/05/22 v1.7-166 caption3 kernel (AR)
Package caption3 Info: TeX engine: e-TeX on input line 67.
\captionmargin=\dimen351
\captionmargin@=\dimen352
\captionwidth=\dimen353
\caption@tempdima=\dimen354
\caption@indent=\dimen355
\caption@parindent=\dimen356
\caption@hangindent=\dimen357
)
\c@ContinuedFloat=\count396
Package caption Info: float package is loaded.
Package caption Info: hyperref package is loaded.
Package caption Info: listings package is loaded.
Package caption Info: longtable package is loaded.
(/usr/share/texlive/texmf-dist/tex/latex/caption/ltcaption.sty
Package: ltcaption 2013/06/09 v1.4-94 longtable captions (AR)
)
Package caption Info: rotating package is loaded.
Package caption Info: subfigure package is loaded.
) (/usr/share/texlive/texmf-dist/tex/latex/listings/lstlang1.sty
File: lstlang1.sty 2015/06/04 1.6 listings language file
))

! LaTeX Error: Option clash for package inputenc.

See the LaTeX manual or LaTeX Companion for explanation.
Type  H <return>  for immediate help.
 ...                                              
                                                  
l.83 
     
The package inputenc has already been loaded with options:
  [utf8]
There has now been an attempt to load it with options
  [latin1]
Adding the global options:
  utf8,latin1
to your \documentclass declaration may fix this.
Try typing  <return>  to proceed.

\sizebox=\box125
\lthtmlwrite=\write7
(./images.aux
(/home/eadam/Dropbox/eadam/Desktop/escritorio/proyecto_sergio/ltitoolEnDesarrol
lo/version1.0.0/help/ltitool_manual/chapter_intro.aux)
(/home/eadam/Dropbox/eadam/Desktop/escritorio/proyecto_sergio/ltitoolEnDesarrol
lo/version1.0.0/help/ltitool_manual/chapter_install.aux)
(/home/eadam/Dropbox/eadam/Desktop/escritorio/proyecto_sergio/ltitoolEnDesarrol
lo/version1.0.0/help/ltitool_manual/chapter_la.aux)
(/home/eadam/Dropbox/eadam/Desktop/escritorio/proyecto_sergio/ltitoolEnDesarrol
lo/version1.0.0/help/ltitool_manual/chapter_lc.aux)
(/home/eadam/Dropbox/eadam/Desktop/escritorio/proyecto_sergio/ltitoolEnDesarrol
lo/version1.0.0/help/ltitool_manual/chapter_eca.aux)
(/home/eadam/Dropbox/eadam/Desktop/escritorio/proyecto_sergio/ltitoolEnDesarrol
lo/version1.0.0/help/ltitool_manual/chapter_additool.aux))
\openout1 = `images.aux'.

LaTeX Font Info:    Checking defaults for OML/cmm/m/it on input line 210.
LaTeX Font Info:    ... okay on input line 210.
LaTeX Font Info:    Checking defaults for T1/cmr/m/n on input line 210.
LaTeX Font Info:    ... okay on input line 210.
LaTeX Font Info:    Checking defaults for OT1/cmr/m/n on input line 210.
LaTeX Font Info:    ... okay on input line 210.
LaTeX Font Info:    Checking defaults for OMS/cmsy/m/n on input line 210.
LaTeX Font Info:    ... okay on input line 210.
LaTeX Font Info:    Checking defaults for OMX/cmex/m/n on input line 210.
LaTeX Font Info:    ... okay on input line 210.
LaTeX Font Info:    Checking defaults for U/cmr/m/n on input line 210.
LaTeX Font Info:    ... okay on input line 210.
LaTeX Font Info:    Checking defaults for PD1/pdf/m/n on input line 210.
LaTeX Font Info:    ... okay on input line 210.
LaTeX Font Info:    Checking defaults for TS1/cmr/m/n on input line 210.
LaTeX Font Info:    Try loading font information for TS1+cmr on input line 210.

(/usr/share/texlive/texmf-dist/tex/latex/base/ts1cmr.fd
File: ts1cmr.fd 2014/09/29 v2.5h Standard LaTeX font definitions
)
LaTeX Font Info:    ... okay on input line 210.
LaTeX Font Info:    Try loading font information for T1+ptm on input line 210.
(/usr/share/texlive/texmf-dist/tex/latex/psnfss/t1ptm.fd
File: t1ptm.fd 2001/06/04 font definitions for T1/ptm.
)
Package srcltx Info: Expanded filename `ucsencs.def' to `ucsencs.def.tex' on in
put line 210.
:<+ ucsencs.def.tex
(/usr/share/texlive/texmf-dist/tex/latex/ucs/ucsencs.def
File: ucsencs.def 2011/01/21 Fixes to fontencodings LGR, T3
)
:<-
\AtBeginShipoutBox=\box126
Package hyperref Info: Link coloring OFF on input line 210.
(/usr/share/texlive/texmf-dist/tex/latex/hyperref/nameref.sty
Package: nameref 2016/05/21 v2.44 Cross-referencing by name of section
(/usr/share/texlive/texmf-dist/tex/generic/oberdiek/gettitlestring.sty
Package: gettitlestring 2016/05/16 v1.5 Cleanup title references (HO)
)
\c@section@level=\count397
)
LaTeX Info: Redefining \ref on input line 210.
LaTeX Info: Redefining \pageref on input line 210.
LaTeX Info: Redefining \nameref on input line 210.
\@outlinefile=\write8
\openout8 = `images.out'.


Package hyperref Warning: Rerun to get /PageLabels entry.

ABD: EveryShipout initializing macros
\c@lstlisting=\count398
Package caption Info: Begin \AtBeginDocument code.
Package caption Info: End \AtBeginDocument code.

(/home/eadam/Dropbox/eadam/Desktop/escritorio/proyecto_sergio/ltitoolEnDesarrol
lo/version1.0.0/help/ltitool_manual/ltitool_manual.aux
(/home/eadam/Dropbox/eadam/Desktop/escritorio/proyecto_sergio/ltitoolEnDesarrol
lo/version1.0.0/help/ltitool_manual/chapter_intro.aux

LaTeX Warning: Label `Intro_chapter' multiply defined.

)
(/home/eadam/Dropbox/eadam/Desktop/escritorio/proyecto_sergio/ltitoolEnDesarrol
lo/version1.0.0/help/ltitool_manual/chapter_install.aux

LaTeX Warning: Label `Install_chapter' multiply defined.


LaTeX Warning: Label `chp_install_fig01' multiply defined.

)
(/home/eadam/Dropbox/eadam/Desktop/escritorio/proyecto_sergio/ltitoolEnDesarrol
lo/version1.0.0/help/ltitool_manual/chapter_la.aux

LaTeX Warning: Label `LA_chapter' multiply defined.


LaTeX Warning: Label `chp_la_fig01_la' multiply defined.


LaTeX Warning: Label `eqn01_chp_la' multiply defined.


LaTeX Warning: Label `eqn02_chp_la' multiply defined.


LaTeX Warning: Label `Eq06_chp_trans' multiply defined.


LaTeX Warning: Label `ejem01_gla_oct' multiply defined.


LaTeX Warning: Label `eqn_Gs_ejem01' multiply defined.


LaTeX Warning: Label `rem01_chp_trans' multiply defined.


LaTeX Warning: Label `rem02_chp_trans' multiply defined.


LaTeX Warning: Label `chp_la_fig02_impulse' multiply defined.


LaTeX Warning: Label `Eq08_chp_trans' multiply defined.


LaTeX Warning: Label `ejem02_gla_oct' multiply defined.


LaTeX Warning: Label `rem03_chp_trans' multiply defined.


LaTeX Warning: Label `rem04_chp_trans' multiply defined.


LaTeX Warning: Label `chp_la_fig03_step' multiply defined.


LaTeX Warning: Label `chp_la_fig01_GLA' multiply defined.


LaTeX Warning: Label `chp_la_fig02_GLA' multiply defined.

)
(/home/eadam/Dropbox/eadam/Desktop/escritorio/proyecto_sergio/ltitoolEnDesarrol
lo/version1.0.0/help/ltitool_manual/chapter_lc.aux

LaTeX Warning: Label `lc_chapter' multiply defined.


LaTeX Warning: Label `chpCLfig01Gcl' multiply defined.


LaTeX Warning: Label `chp_lc_fig02_GH' multiply defined.


LaTeX Warning: Label `mdf@pagelabel-1' multiply defined.


LaTeX Warning: Label `teo02_chp_estab' multiply defined.


LaTeX Warning: Label `ejem01_gh_oct' multiply defined.


LaTeX Warning: Label `fig01_ejem01_GH' multiply defined.


LaTeX Warning: Label `eqn01_ejem01_lc' multiply defined.


LaTeX Warning: Label `eqn02_ejem01_lc' multiply defined.


LaTeX Warning: Label `chp_lc_fig01_step_GH' multiply defined.


LaTeX Warning: Label `ejem02_gh_oct' multiply defined.


LaTeX Warning: Label `chp_lc_fig_LR_ejemGH' multiply defined.


LaTeX Warning: Label `chp_lc_fig01_ejemGH' multiply defined.


LaTeX Warning: Label `chp_lc_fig02_ejemGH' multiply defined.


LaTeX Warning: Label `chp_lc_fig01_Gcl' multiply defined.


LaTeX Warning: Label `chp_lc_fig02_Gcl' multiply defined.


LaTeX Warning: Label `chp_lc_fig03_Gcl' multiply defined.


LaTeX Warning: Label `chp_lc_fig04_Gcl' multiply defined.


LaTeX Warning: Label `chp_lc_fig05_Gcl' multiply defined.

)
(/home/eadam/Dropbox/eadam/Desktop/escritorio/proyecto_sergio/ltitoolEnDesarrol
lo/version1.0.0/help/ltitool_manual/chapter_eca.aux

LaTeX Warning: Label `eca_chapter' multiply defined.


LaTeX Warning: Label `chp_eca_fig01_ff' multiply defined.


LaTeX Warning: Label `chp_eca_fig01_ccd' multiply defined.


LaTeX Warning: Label `chpECA_fig01_ejemECA' multiply defined.


LaTeX Warning: Label `chpECA_fig02_ejemECA' multiply defined.


LaTeX Warning: Label `chpECA_fig03_ejemECA' multiply defined.


LaTeX Warning: Label `chpECA_fig04_ejemECA' multiply defined.


LaTeX Warning: Label `chpECA_fig05_ejemECA' multiply defined.


LaTeX Warning: Label `chpECA_fig06_ejemECA' multiply defined.


LaTeX Warning: Label `chpECA_fig07_ejemECA' multiply defined.

)
(/home/eadam/Dropbox/eadam/Desktop/escritorio/proyecto_sergio/ltitoolEnDesarrol
lo/version1.0.0/help/ltitool_manual/chapter_additool.aux

LaTeX Warning: Label `additool_chapter' multiply defined.


LaTeX Warning: Label `chpADDITOOL_fig01_ejemOptimalPID' multiply defined.


LaTeX Warning: Label `chpADDITOOL_fig02_ejemOptimalPID' multiply defined.

)

LaTeX Warning: Label `Adam2018' multiply defined.

)
(/home/eadam/Dropbox/eadam/Desktop/escritorio/proyecto_sergio/ltitoolEnDesarrol
lo/version1.0.0/help/ltitool_manual/chapter_intro.aux

LaTeX Warning: Label `Intro_chapter' multiply defined.

)
(/home/eadam/Dropbox/eadam/Desktop/escritorio/proyecto_sergio/ltitoolEnDesarrol
lo/version1.0.0/help/ltitool_manual/chapter_install.aux

LaTeX Warning: Label `Install_chapter' multiply defined.


LaTeX Warning: Label `chp_install_fig01' multiply defined.

)
(/home/eadam/Dropbox/eadam/Desktop/escritorio/proyecto_sergio/ltitoolEnDesarrol
lo/version1.0.0/help/ltitool_manual/chapter_la.aux

LaTeX Warning: Label `LA_chapter' multiply defined.


LaTeX Warning: Label `chp_la_fig01_la' multiply defined.


LaTeX Warning: Label `eqn01_chp_la' multiply defined.


LaTeX Warning: Label `eqn02_chp_la' multiply defined.


LaTeX Warning: Label `Eq06_chp_trans' multiply defined.


LaTeX Warning: Label `ejem01_gla_oct' multiply defined.


LaTeX Warning: Label `eqn_Gs_ejem01' multiply defined.


LaTeX Warning: Label `rem01_chp_trans' multiply defined.


LaTeX Warning: Label `rem02_chp_trans' multiply defined.


LaTeX Warning: Label `chp_la_fig02_impulse' multiply defined.


LaTeX Warning: Label `Eq08_chp_trans' multiply defined.


LaTeX Warning: Label `ejem02_gla_oct' multiply defined.


LaTeX Warning: Label `rem03_chp_trans' multiply defined.


LaTeX Warning: Label `rem04_chp_trans' multiply defined.


LaTeX Warning: Label `chp_la_fig03_step' multiply defined.


LaTeX Warning: Label `chp_la_fig01_GLA' multiply defined.


LaTeX Warning: Label `chp_la_fig02_GLA' multiply defined.

)
(/home/eadam/Dropbox/eadam/Desktop/escritorio/proyecto_sergio/ltitoolEnDesarrol
lo/version1.0.0/help/ltitool_manual/chapter_lc.aux

LaTeX Warning: Label `lc_chapter' multiply defined.


LaTeX Warning: Label `chpCLfig01Gcl' multiply defined.


LaTeX Warning: Label `chp_lc_fig02_GH' multiply defined.


LaTeX Warning: Label `mdf@pagelabel-1' multiply defined.


LaTeX Warning: Label `teo02_chp_estab' multiply defined.


LaTeX Warning: Label `ejem01_gh_oct' multiply defined.


LaTeX Warning: Label `fig01_ejem01_GH' multiply defined.


LaTeX Warning: Label `eqn01_ejem01_lc' multiply defined.


LaTeX Warning: Label `eqn02_ejem01_lc' multiply defined.


LaTeX Warning: Label `chp_lc_fig01_step_GH' multiply defined.


LaTeX Warning: Label `ejem02_gh_oct' multiply defined.


LaTeX Warning: Label `chp_lc_fig_LR_ejemGH' multiply defined.


LaTeX Warning: Label `chp_lc_fig01_ejemGH' multiply defined.


LaTeX Warning: Label `chp_lc_fig02_ejemGH' multiply defined.


LaTeX Warning: Label `chp_lc_fig01_Gcl' multiply defined.


LaTeX Warning: Label `chp_lc_fig02_Gcl' multiply defined.


LaTeX Warning: Label `chp_lc_fig03_Gcl' multiply defined.


LaTeX Warning: Label `chp_lc_fig04_Gcl' multiply defined.


LaTeX Warning: Label `chp_lc_fig05_Gcl' multiply defined.

)
(/home/eadam/Dropbox/eadam/Desktop/escritorio/proyecto_sergio/ltitoolEnDesarrol
lo/version1.0.0/help/ltitool_manual/chapter_eca.aux

LaTeX Warning: Label `eca_chapter' multiply defined.


LaTeX Warning: Label `chp_eca_fig01_ff' multiply defined.


LaTeX Warning: Label `chp_eca_fig01_ccd' multiply defined.


LaTeX Warning: Label `chpECA_fig01_ejemECA' multiply defined.


LaTeX Warning: Label `chpECA_fig02_ejemECA' multiply defined.


LaTeX Warning: Label `chpECA_fig03_ejemECA' multiply defined.


LaTeX Warning: Label `chpECA_fig04_ejemECA' multiply defined.


LaTeX Warning: Label `chpECA_fig05_ejemECA' multiply defined.


LaTeX Warning: Label `chpECA_fig06_ejemECA' multiply defined.


LaTeX Warning: Label `chpECA_fig07_ejemECA' multiply defined.

)
(/home/eadam/Dropbox/eadam/Desktop/escritorio/proyecto_sergio/ltitoolEnDesarrol
lo/version1.0.0/help/ltitool_manual/chapter_additool.aux

LaTeX Warning: Label `additool_chapter' multiply defined.


LaTeX Warning: Label `chpADDITOOL_fig01_ejemOptimalPID' multiply defined.


LaTeX Warning: Label `chpADDITOOL_fig02_ejemOptimalPID' multiply defined.

)

latex2htmlLength hsize=349.0pt

latex2htmlLength vsize=627.36243pt

latex2htmlLength hoffset=0.0pt

latex2htmlLength voffset=0.0pt

latex2htmlLength topmargin=0.0pt

latex2htmlLength topskip=0.00003pt

latex2htmlLength headheight=0.0pt

latex2htmlLength headsep=0.0pt

latex2htmlLength parskip=0.0pt plus 1.0pt

latex2htmlLength oddsidemargin=35.0pt

latex2htmlLength evensidemargin=89.0pt

LaTeX Font Info:    Try loading font information for U+lasy on input line 234.
(/usr/share/texlive/texmf-dist/tex/latex/base/ulasy.fd
File: ulasy.fd 1998/08/17 v2.2e LaTeX symbol font definitions
)
LaTeX Font Info:    Try loading font information for U+msa on input line 234.
(/usr/share/texlive/texmf-dist/tex/latex/amsfonts/umsa.fd
File: umsa.fd 2013/01/14 v3.01 AMS symbols A
)
LaTeX Font Info:    Try loading font information for U+msb on input line 234.
(/usr/share/texlive/texmf-dist/tex/latex/amsfonts/umsb.fd
File: umsb.fd 2013/01/14 v3.01 AMS symbols B
)
LaTeX Font Info:    Try loading font information for U+rsfs on input line 234.
(/usr/share/texlive/texmf-dist/tex/latex/jknapltx/ursfs.fd
File: ursfs.fd 1998/03/24 rsfs font definition file (jk)
)
LaTeX Font Info:    Try loading font information for OMX+yhex on input line 234
.
(/usr/share/texlive/texmf-dist/tex/latex/yhmath/OMXyhex.fd
File: OMXyhex.fd 
File: OMXyhex.fd 2013/07/03 v1.1 YH's humble contribution to TeX maths (NP)
)
LaTeX Font Info:    External font `yhcmex10' loaded for size
(Font)              <10> on input line 234.
LaTeX Font Info:    External font `yhcmex10' loaded for size
(Font)              <7> on input line 234.
LaTeX Font Info:    External font `yhcmex10' loaded for size
(Font)              <5> on input line 234.
LaTeX Font Info:    Font shape `T1/ptm/bx/n' in size <24.88> not available
(Font)              Font shape `T1/ptm/b/n' tried instead on input line 247.

LaTeX Warning: File `./figuras/logos/logo_ltitool.png' not found on input line 
247.


! LaTeX Error: File `./figuras/logos/logo_ltitool.png' not found.

See the LaTeX manual or LaTeX Companion for explanation.
Type  H <return>  for immediate help.
 ...                                              
                                                  
l.247 	}
        $%
Try typing  <return>  to proceed.
If that doesn't work, type  X <return>  to quit.


! LaTeX Error: Cannot determine size of graphic in ./figuras/logos/logo_ltitool
.png (no BoundingBox).

See the LaTeX manual or LaTeX Companion for explanation.
Type  H <return>  for immediate help.
 ...                                              
                                                  
l.247 	}
        $%
Try typing  <return>  to proceed.
If that doesn't work, type  X <return>  to quit.

File: ./figuras/logos/logo_ltitool.png Graphic file (type eps)
<./figuras/logos/logo_ltitool.png>
! Undefined control sequence.
<argument> ...{\noindent \textsc {A\~{n}o:} \Year 
                                                  }\\[\baselineskip ] \@@par 
l.247 	}
        $%
The control sequence at the end of the top line
of your error message was never \def'ed. If you have
misspelled it (e.g., `\hobx'), type `I' and the correct
spelling (e.g., `I\hbox'). Otherwise just continue,
and I'll forget about whatever was undefined.


Underfull \hbox (badness 10000) in paragraph at lines 247--247

 []

l2hSize :tex2html_wrap_inline3675:257.75232pt::257.75232pt::262.25003pt.
[1



]
l2hSize :displaymath258:29.90236pt::0.0pt::349.0pt.
[2


]
l2hSize :displaymath264:31.00023pt::0.0pt::349.0pt.
[3


]
l2hSize :tex2html_wrap_inline500:8.0pt::8.0pt::16.71185pt.
[4


]
l2hSize :tex2html_wrap_inline502:8.0pt::8.0pt::47.15857pt.
[5


]
l2hSize :tex2html_wrap_inline504:8.0pt::8.0pt::131.63194pt.
[6


]
l2hSize :displaymath281:20.5pt::0.0pt::349.0pt.
[7


]
l2hSize :displaymath291:28.95792pt::0.0pt::349.0pt.
[8


]
LaTeX Font Info:    Try loading font information for T1+phv on input line 310.
(/usr/share/texlive/texmf-dist/tex/latex/psnfss/t1phv.fd
File: t1phv.fd 2001/06/04 scalable font definitions for T1/phv.
)
LaTeX Font Info:    Font shape `T1/phv/bx/n' in size <9> not available
(Font)              Font shape `T1/phv/b/n' tried instead on input line 310.
LaTeX Font Info:    Font shape `T1/ptm/bx/n' in size <9> not available
(Font)              Font shape `T1/ptm/b/n' tried instead on input line 312.
LaTeX Font Info:    External font `yhcmex10' loaded for size
(Font)              <9> on input line 312.
LaTeX Font Info:    External font `yhcmex10' loaded for size
(Font)              <6> on input line 312.
l2hSize :remark308:70.94843pt::0.0pt::324.0pt.
[9


]
l2hSize :eqnarraystar321:57.16895pt::0.0pt::349.0pt.
[10


]
l2hSize :remark330:70.94843pt::0.0pt::324.0pt.
[11


]
l2hSize :equationstar338:28.95792pt::0.0pt::349.0pt.
[12


]
l2hSize :displaymath370:31.00023pt::0.0pt::349.0pt.
[13


]
l2hSize :remark391:70.94843pt::0.0pt::324.0pt.
[14


]
l2hSize :equationstar404:28.95792pt::0.0pt::349.0pt.
[15


]
l2hSize :remark415:70.94843pt::0.0pt::324.0pt.
[16


]
l2hSize :equationstar429:28.95792pt::0.0pt::349.0pt.
[17


]
l2hSize :displaymath463:27.90236pt::0.0pt::349.0pt.
[18


]
l2hSize :tex2html_wrap_inline920:8.0pt::8.0pt::65.60579pt.
[19


]
l2hSize :tex2html_wrap_inline922:8.0pt::8.0pt::112.11406pt.
[20


]
Package mdframed Info: mdframed works in twoside mode on input line 433.
Package mdframed Info: mdframed detected package amsthm 
 changed the theorem header of amsthm
(mdframed)              on input line 433.
Package mdframed Info: Not enough space on this page on input line 436.
l2hSize :theorem703:57.74481pt::0.0pt::349.0pt.
[21


]
l2hSize :tex2html_wrap_inline924:7.33331pt::7.33331pt::13.42134pt.
[22


]
l2hSize :tex2html_wrap_inline926:7.33331pt::7.33331pt::29.26523pt.
[23


]
l2hSize :displaymath720:30.2096pt::0.0pt::349.0pt.
[24


]
l2hSize :tex2html_wrap_inline928:8.0pt::8.0pt::55.56017pt.
[25


]
l2hSize :displaymath730:30.62459pt::0.0pt::349.0pt.
[26


]
l2hSize :tex2html_wrap_inline930:8.64003pt::8.64003pt::108.36223pt.
[27


]
l2hSize :equationstar740:55.0pt::0.0pt::349.0pt.
[28


]
l2hSize :equationstar754:22.40236pt::0.0pt::349.0pt.
[29


]
l2hSize :equationstar766:28.40236pt::0.0pt::349.0pt.
[30


]
l2hSize :tex2html_wrap_inline932:8.64003pt::8.64003pt::107.33449pt.
[31


]
l2hSize :tex2html_wrap_inline934:7.24997pt::7.24997pt::63.56256pt.
[32


]
l2hSize :tex2html_wrap_inline936:7.24997pt::7.24997pt::123.48921pt.
[33


]
l2hSize :tex2html_wrap_inline938:7.38586pt::7.38586pt::14.30559pt.
[34


]
l2hSize :tex2html_wrap_inline940:7.24997pt::7.24997pt::25.43297pt.
[35


]
l2hSize :tex2html_wrap_inline942:7.24997pt::7.24997pt::14.95076pt.
[36


]
l2hSize :tex2html_wrap_inline944:6.88586pt::0.0pt::40.41663pt.
[37


]
l2hSize :tex2html_wrap_inline950:6.88586pt::0.0pt::14.30559pt.
[38


]

Package caption Warning: Unused \captionsetup[lstlisting] on input line 449.
See the caption package documentation for explanation.

Package atveryend Info: Empty hook `BeforeClearDocument' on input line 579.
Package atveryend Info: Empty hook `AfterLastShipout' on input line 579.
(./images.aux)
Package atveryend Info: Empty hook `AtVeryEndDocument' on input line 579.
Package atveryend Info: Executing hook `AtEndAfterFileList' on input line 579.

Package rerunfilecheck Warning: File `images.out' has changed.
(rerunfilecheck)                Rerun to get outlines right
(rerunfilecheck)                or use package `bookmark'.

Package rerunfilecheck Info: Checksums for `images.out':
(rerunfilecheck)             Before: <no file>
(rerunfilecheck)             After:  D41D8CD98F00B204E9800998ECF8427E;0.

LaTeX Warning: There were multiply-defined labels.

Package atveryend Info: Empty hook `AtVeryVeryEnd' on input line 579.
 ) 
Here is how much of TeX's memory you used:
 37690 strings out of 492983
 718488 string characters out of 6134921
 1039252 words of memory out of 5000000
 40512 multiletter control sequences out of 15000+600000
 562624 words of font info for 66 fonts, out of 8000000 for 9000
 1141 hyphenation exceptions out of 8191
 69i,13n,97p,10410b,703s stack positions out of 5000i,500n,10000p,200000b,80000s

Output written on images.dvi (38 pages, 46484 bytes).
